

Microchip MPLAB XC8 Assembler V2.36 build 20220127204148 
                                                                                               Tue Aug 16 18:32:26 2022

Microchip MPLAB XC8 C Compiler v2.36 (Free license) build 20220127204148 Og1 
     1                           	processor	16F877A
     2                           	pagewidth 120
     3                           	opt	flic
     4                           	psect	idataBANK0,global,class=CODE,delta=2,noexec
     5                           	psect	cinit,global,class=CODE,merge=1,delta=2
     6                           	psect	dataBANK0,global,class=BANK0,space=1,delta=1,noexec
     7                           	psect	inittext,global,class=CODE,delta=2
     8                           	psect	cstackCOMMON,global,class=COMMON,space=1,delta=1,noexec
     9                           	psect	cstackBANK0,global,class=BANK0,space=1,delta=1,noexec
    10                           	psect	maintext,global,class=CODE,split=1,delta=2
    11                           	psect	text1,local,class=CODE,merge=1,delta=2
    12                           	psect	text2,local,class=CODE,merge=1,delta=2
    13                           	psect	text3,local,class=CODE,merge=1,delta=2
    14                           	psect	text4,local,class=CODE,merge=1,delta=2,group=1
    15                           	psect	text5,local,class=CODE,merge=1,delta=2,group=1
    16                           	psect	config,global,abs,ovrld,class=CONFIG,space=4,delta=2,noexec
    17                           	dabs	1,0x7E,2
    18  0000                     
    19                           ; Version 2.20
    20                           ; Generated 12/02/2020 GMT
    21                           ; 
    22                           ; Copyright © 2020, Microchip Technology Inc. and its subsidiaries ("Microchip")
    23                           ; All rights reserved.
    24                           ; 
    25                           ; This software is developed by Microchip Technology Inc. and its subsidiaries ("Microch
      +                          ip").
    26                           ; 
    27                           ; Redistribution and use in source and binary forms, with or without modification, are
    28                           ; permitted provided that the following conditions are met:
    29                           ; 
    30                           ;     1. Redistributions of source code must retain the above copyright notice, this lis
      +                          t of
    31                           ;        conditions and the following disclaimer.
    32                           ; 
    33                           ;     2. Redistributions in binary form must reproduce the above copyright notice, this 
      +                          list
    34                           ;        of conditions and the following disclaimer in the documentation and/or other
    35                           ;        materials provided with the distribution.
    36                           ; 
    37                           ;     3. Microchip's name may not be used to endorse or promote products derived from th
      +                          is
    38                           ;        software without specific prior written permission.
    39                           ; 
    40                           ; THIS SOFTWARE IS PROVIDED BY MICROCHIP "AS IS" AND ANY EXPRESS OR IMPLIED WARRANTIES,
    41                           ; INCLUDING, BUT NOT LIMITED TO, THE IMPLIED WARRANTIES OF MERCHANTABILITY AND FITNESS F
      +                          OR
    42                           ; PURPOSE ARE DISCLAIMED.  IN NO EVENT SHALL MICROCHIP BE LIABLE FOR ANY DIRECT, INDIREC
      +                          T,
    43                           ; INCIDENTAL, SPECIAL, EXEMPLARY, OR CONSEQUENTIAL DAMAGES (INCLUDING BUT NOT LIMITED TO
    44                           ; PROCUREMENT OF SUBSTITUTE GOODS OR SERVICES; LOSS OF USE, DATA OR PROFITS; OR BUSINESS
    45                           ; INTERRUPTION) HOWSOEVER CAUSED AND ON ANY THEORY OF LIABILITY, WHETHER IN CONTRACT, ST
      +                          RICT
    46                           ; LIABILITY, OR TORT (INCLUDING NEGLIGENCE OR OTHERWISE) ARISING IN ANY WAY OUT OF THE U
      +                          SE OF
    47                           ; THIS SOFTWARE, EVEN IF ADVISED OF THE POSSIBILITY OF SUCH DAMAGE.
    48                           ; 
    49                           ; 
    50                           ; Code-generator required, PIC16F877A Definitions
    51                           ; 
    52                           ; SFR Addresses
    53  0000                     	;# 
    54  0001                     	;# 
    55  0002                     	;# 
    56  0003                     	;# 
    57  0004                     	;# 
    58  0005                     	;# 
    59  0006                     	;# 
    60  0007                     	;# 
    61  0008                     	;# 
    62  0009                     	;# 
    63  000A                     	;# 
    64  000B                     	;# 
    65  000C                     	;# 
    66  000D                     	;# 
    67  000E                     	;# 
    68  000E                     	;# 
    69  000F                     	;# 
    70  0010                     	;# 
    71  0011                     	;# 
    72  0012                     	;# 
    73  0013                     	;# 
    74  0014                     	;# 
    75  0015                     	;# 
    76  0015                     	;# 
    77  0016                     	;# 
    78  0017                     	;# 
    79  0018                     	;# 
    80  0019                     	;# 
    81  001A                     	;# 
    82  001B                     	;# 
    83  001B                     	;# 
    84  001C                     	;# 
    85  001D                     	;# 
    86  001E                     	;# 
    87  001F                     	;# 
    88  0081                     	;# 
    89  0085                     	;# 
    90  0086                     	;# 
    91  0087                     	;# 
    92  0088                     	;# 
    93  0089                     	;# 
    94  008C                     	;# 
    95  008D                     	;# 
    96  008E                     	;# 
    97  0091                     	;# 
    98  0092                     	;# 
    99  0093                     	;# 
   100  0094                     	;# 
   101  0098                     	;# 
   102  0099                     	;# 
   103  009C                     	;# 
   104  009D                     	;# 
   105  009E                     	;# 
   106  009F                     	;# 
   107  010C                     	;# 
   108  010D                     	;# 
   109  010E                     	;# 
   110  010F                     	;# 
   111  018C                     	;# 
   112  018D                     	;# 
   113  0000                     	;# 
   114  0001                     	;# 
   115  0002                     	;# 
   116  0003                     	;# 
   117  0004                     	;# 
   118  0005                     	;# 
   119  0006                     	;# 
   120  0007                     	;# 
   121  0008                     	;# 
   122  0009                     	;# 
   123  000A                     	;# 
   124  000B                     	;# 
   125  000C                     	;# 
   126  000D                     	;# 
   127  000E                     	;# 
   128  000E                     	;# 
   129  000F                     	;# 
   130  0010                     	;# 
   131  0011                     	;# 
   132  0012                     	;# 
   133  0013                     	;# 
   134  0014                     	;# 
   135  0015                     	;# 
   136  0015                     	;# 
   137  0016                     	;# 
   138  0017                     	;# 
   139  0018                     	;# 
   140  0019                     	;# 
   141  001A                     	;# 
   142  001B                     	;# 
   143  001B                     	;# 
   144  001C                     	;# 
   145  001D                     	;# 
   146  001E                     	;# 
   147  001F                     	;# 
   148  0081                     	;# 
   149  0085                     	;# 
   150  0086                     	;# 
   151  0087                     	;# 
   152  0088                     	;# 
   153  0089                     	;# 
   154  008C                     	;# 
   155  008D                     	;# 
   156  008E                     	;# 
   157  0091                     	;# 
   158  0092                     	;# 
   159  0093                     	;# 
   160  0094                     	;# 
   161  0098                     	;# 
   162  0099                     	;# 
   163  009C                     	;# 
   164  009D                     	;# 
   165  009E                     	;# 
   166  009F                     	;# 
   167  010C                     	;# 
   168  010D                     	;# 
   169  010E                     	;# 
   170  010F                     	;# 
   171  018C                     	;# 
   172  018D                     	;# 
   173  0000                     	;# 
   174  0001                     	;# 
   175  0002                     	;# 
   176  0003                     	;# 
   177  0004                     	;# 
   178  0005                     	;# 
   179  0006                     	;# 
   180  0007                     	;# 
   181  0008                     	;# 
   182  0009                     	;# 
   183  000A                     	;# 
   184  000B                     	;# 
   185  000C                     	;# 
   186  000D                     	;# 
   187  000E                     	;# 
   188  000E                     	;# 
   189  000F                     	;# 
   190  0010                     	;# 
   191  0011                     	;# 
   192  0012                     	;# 
   193  0013                     	;# 
   194  0014                     	;# 
   195  0015                     	;# 
   196  0015                     	;# 
   197  0016                     	;# 
   198  0017                     	;# 
   199  0018                     	;# 
   200  0019                     	;# 
   201  001A                     	;# 
   202  001B                     	;# 
   203  001B                     	;# 
   204  001C                     	;# 
   205  001D                     	;# 
   206  001E                     	;# 
   207  001F                     	;# 
   208  0081                     	;# 
   209  0085                     	;# 
   210  0086                     	;# 
   211  0087                     	;# 
   212  0088                     	;# 
   213  0089                     	;# 
   214  008C                     	;# 
   215  008D                     	;# 
   216  008E                     	;# 
   217  0091                     	;# 
   218  0092                     	;# 
   219  0093                     	;# 
   220  0094                     	;# 
   221  0098                     	;# 
   222  0099                     	;# 
   223  009C                     	;# 
   224  009D                     	;# 
   225  009E                     	;# 
   226  009F                     	;# 
   227  010C                     	;# 
   228  010D                     	;# 
   229  010E                     	;# 
   230  010F                     	;# 
   231  018C                     	;# 
   232  018D                     	;# 
   233                           
   234                           	psect	idataBANK0
   235  061A                     __pidataBANK0:
   236                           
   237                           ;initializer for main@F858
   238  061A  343F               	retlw	63
   239  061B  3406               	retlw	6
   240  061C  345B               	retlw	91
   241  061D  344F               	retlw	79
   242  061E  3466               	retlw	102
   243  061F  346D               	retlw	109
   244  0620  347D               	retlw	125
   245  0621  3407               	retlw	7
   246  0622  347F               	retlw	127
   247  0623  346F               	retlw	111
   248  0005                     _PORTA	set	5
   249  0008                     _PORTD	set	8
   250  0085                     _TRISA	set	133
   251  0088                     _TRISD	set	136
   252                           
   253                           	psect	cinit
   254  07EE                     start_initialization:	
   255                           ; #config settings
   256                           
   257  07EE                     __initialization:
   258                           
   259                           ; Initialize objects allocated to BANK0
   260  07EE  1383               	bcf	3,7	;select IRP bank0
   261  07EF  3040               	movlw	low (__pdataBANK0+10)
   262  07F0  00FD               	movwf	btemp+-1
   263  07F1  3006               	movlw	high __pidataBANK0
   264  07F2  00FE               	movwf	btemp
   265  07F3  301A               	movlw	low __pidataBANK0
   266  07F4  00FF               	movwf	btemp+1
   267  07F5  3036               	movlw	low __pdataBANK0
   268  07F6  0084               	movwf	4
   269  07F7  120A  118A  2628  120A  118A  	fcall	init_ram0
   270  07FC                     end_of_initialization:	
   271                           ;End of C runtime variable initialization code
   272                           
   273  07FC                     __end_of__initialization:
   274  07FC  0183               	clrf	3
   275  07FD  120A  118A  2F27   	ljmp	_main	;jump to C main() function
   276                           
   277                           	psect	dataBANK0
   278  0036                     __pdataBANK0:
   279  0036                     main@F858:
   280  0036                     	ds	10
   281                           
   282                           	psect	inittext
   283  0624                     init_fetch0:	
   284                           ;	Called with low address in FSR and high address in W
   285                           
   286  0624  087E               	movf	btemp,w
   287  0625  008A               	movwf	10
   288  0626  087F               	movf	btemp+1,w
   289  0627  0082               	movwf	2
   290  0628                     init_ram0:	
   291                           ;Called with:
   292                           ;	high address of idata address in btemp 
   293                           ;	low address of idata address in btemp+1 
   294                           ;	low address of data in FSR
   295                           ;	high address + 1 of data in btemp-1
   296                           
   297  0628  120A  118A  2624  120A  118A  	fcall	init_fetch0
   298  062D  0080               	movwf	0
   299  062E  0A84               	incf	4,f
   300  062F  0804               	movf	4,w
   301  0630  067D               	xorwf	btemp+-1,w
   302  0631  1903               	btfsc	3,2
   303  0632  3400               	retlw	0
   304  0633  0AFF               	incf	btemp+1,f
   305  0634  1903               	btfsc	3,2
   306  0635  0AFE               	incf	btemp,f
   307  0636  2E28               	goto	init_ram0
   308                           
   309                           	psect	cstackCOMMON
   310  0070                     __pcstackCOMMON:
   311  0070                     ?_init_ssd:
   312  0070                     ??_init_ssd:	
   313                           ; 1 bytes @ 0x0
   314                           
   315  0070                     ?_display:	
   316                           ; 1 bytes @ 0x0
   317                           
   318  0070                     ??_display:	
   319                           ; 1 bytes @ 0x0
   320                           
   321  0070                     ?_init_config:	
   322                           ; 1 bytes @ 0x0
   323                           
   324  0070                     ??_init_config:	
   325                           ; 1 bytes @ 0x0
   326                           
   327  0070                     ?_main:	
   328                           ; 1 bytes @ 0x0
   329                           
   330  0070                     ?___lwmod:	
   331                           ; 1 bytes @ 0x0
   332                           
   333  0070                     ___lwmod@divisor:	
   334                           ; 2 bytes @ 0x0
   335                           
   336                           
   337                           ; 2 bytes @ 0x0
   338  0070                     	ds	2
   339  0072                     ___lwmod@dividend:
   340                           
   341                           ; 2 bytes @ 0x2
   342  0072                     	ds	2
   343  0074                     ??___lwmod:
   344  0074                     display@wait:	
   345                           ; 1 bytes @ 0x4
   346                           
   347                           
   348                           ; 4 bytes @ 0x4
   349  0074                     	ds	1
   350  0075                     ___lwmod@counter:
   351                           
   352                           ; 1 bytes @ 0x5
   353  0075                     	ds	1
   354  0076                     ?___lwdiv:
   355  0076                     ___lwdiv@divisor:	
   356                           ; 2 bytes @ 0x6
   357                           
   358                           
   359                           ; 2 bytes @ 0x6
   360  0076                     	ds	2
   361  0078                     display@data:
   362  0078                     ___lwdiv@dividend:	
   363                           ; 1 bytes @ 0x8
   364                           
   365                           
   366                           ; 2 bytes @ 0x8
   367  0078                     	ds	1
   368  0079                     display@digit:
   369                           
   370                           ; 4 bytes @ 0x9
   371  0079                     	ds	1
   372  007A                     ??___lwdiv:
   373                           
   374                           ; 1 bytes @ 0xA
   375  007A                     	ds	1
   376  007B                     ___lwdiv@quotient:
   377                           
   378                           ; 2 bytes @ 0xB
   379  007B                     	ds	2
   380  007D                     ___lwdiv@counter:
   381                           
   382                           ; 1 bytes @ 0xD
   383  007D                     	ds	1
   384                           
   385                           	psect	cstackBANK0
   386  0020                     __pcstackBANK0:
   387  0020                     ??_main:
   388                           
   389                           ; 1 bytes @ 0x0
   390  0020                     	ds	4
   391  0024                     main@digit:
   392                           
   393                           ; 10 bytes @ 0x4
   394  0024                     	ds	10
   395  002E                     main@ssd:
   396                           
   397                           ; 4 bytes @ 0xE
   398  002E                     	ds	4
   399  0032                     main@delay:
   400                           
   401                           ; 2 bytes @ 0x12
   402  0032                     	ds	2
   403  0034                     main@count:
   404                           
   405                           ; 2 bytes @ 0x14
   406  0034                     	ds	2
   407                           
   408                           	psect	maintext
   409  0727                     __pmaintext:	
   410 ;;
   411 ;;Main: autosize = 0, tempsize = 4, incstack = 0, save=0
   412 ;;
   413 ;; *************** function _main *****************
   414 ;; Defined at:
   415 ;;		line 17 in file "main.c"
   416 ;; Parameters:    Size  Location     Type
   417 ;;		None
   418 ;; Auto vars:     Size  Location     Type
   419 ;;  digit          10    4[BANK0 ] unsigned char [10]
   420 ;;  ssd             4   14[BANK0 ] unsigned char [4]
   421 ;;  count           2   20[BANK0 ] unsigned int 
   422 ;;  delay           2   18[BANK0 ] unsigned int 
   423 ;; Return value:  Size  Location     Type
   424 ;;                  1    wreg      void 
   425 ;; Registers used:
   426 ;;		wreg, fsr0l, fsr0h, status,2, status,0, pclath, cstack
   427 ;; Tracked objects:
   428 ;;		On entry : B00/0
   429 ;;		On exit  : 0/0
   430 ;;		Unchanged: 0/0
   431 ;; Data sizes:     COMMON   BANK0   BANK1   BANK3   BANK2
   432 ;;      Params:         0       0       0       0       0
   433 ;;      Locals:         0      18       0       0       0
   434 ;;      Temps:          0       4       0       0       0
   435 ;;      Totals:         0      22       0       0       0
   436 ;;Total ram usage:       22 bytes
   437 ;; Hardware stack levels required when called: 2
   438 ;; This function calls:
   439 ;;		___lwdiv
   440 ;;		___lwmod
   441 ;;		_display
   442 ;;		_init_config
   443 ;; This function is called by:
   444 ;;		Startup code after reset
   445 ;; This function uses a non-reentrant model
   446 ;;
   447                           
   448  0727                     _main:	
   449                           ;psect for function _main
   450                           
   451  0727                     l798:	
   452                           ;incstack = 0
   453                           ; Regs used in _main: [wreg-fsr0h+status,2+status,0+pclath+cstack]
   454                           
   455                           
   456                           ;main.c: 18:             ssd[0] = digit[(count/1000)];
   457  0727  1283               	bcf	3,5	;RP0=0, select bank0
   458  0728  1303               	bcf	3,6	;RP1=0, select bank0
   459  0729  01B4               	clrf	main@count
   460  072A  01B5               	clrf	main@count+1
   461  072B                     l800:
   462  072B  30E8               	movlw	232
   463  072C  00B2               	movwf	main@delay
   464  072D  3003               	movlw	3
   465  072E  00B3               	movwf	main@delay+1
   466  072F                     l802:
   467                           
   468                           ;main.c: 19:             ssd[1] = digit[(count%1000)/100];
   469  072F  3024               	movlw	main@digit& (0+255)
   470  0730  0084               	movwf	4
   471  0731  3036               	movlw	low main@F858
   472  0732  00A0               	movwf	??_main
   473  0733  0804               	movf	4,w
   474  0734  00A1               	movwf	??_main+1
   475  0735  300A               	movlw	10
   476  0736  00A2               	movwf	??_main+2
   477  0737                     u380:
   478  0737  0820               	movf	??_main,w
   479  0738  0084               	movwf	4
   480  0739  1383               	bcf	3,7	;select IRP bank0
   481  073A  0800               	movf	0,w
   482  073B  00A3               	movwf	??_main+3
   483  073C  0AA0               	incf	??_main,f
   484  073D  0821               	movf	??_main+1,w
   485  073E  0084               	movwf	4
   486  073F  0823               	movf	??_main+3,w
   487  0740  0080               	movwf	0
   488  0741  0AA1               	incf	??_main+1,f
   489  0742  0BA2               	decfsz	??_main+2,f
   490  0743  2F37               	goto	u380
   491  0744                     l804:
   492                           
   493                           ;main.c: 20:             ssd[2] = digit[(count%100)/10];
   494  0744  120A  118A  260D  120A  118A  	fcall	_init_config
   495  0749                     l806:
   496                           
   497                           ;main.c: 24: 
   498  0749  3001               	movlw	1
   499  074A  1283               	bcf	3,5	;RP0=0, select bank0
   500  074B  1303               	bcf	3,6	;RP1=0, select bank0
   501  074C  02B2               	subwf	main@delay,f
   502  074D  3000               	movlw	0
   503  074E  1C03               	skipc
   504  074F  03B3               	decf	main@delay+1,f
   505  0750  02B3               	subwf	main@delay+1,f
   506  0751  0A32               	incf	main@delay,w
   507  0752  1D03               	skipz
   508  0753  2F58               	goto	u391
   509  0754  0A33               	incf	main@delay+1,w
   510  0755  1D03               	btfss	3,2
   511  0756  2F58               	goto	u391
   512  0757  2F59               	goto	u390
   513  0758                     u391:
   514  0758  2F49               	goto	l806
   515  0759                     u390:
   516  0759                     l808:
   517                           
   518                           ;main.c: 25:     };main.c: 26:     return;
   519  0759  3040               	movlw	64
   520  075A  00B2               	movwf	main@delay
   521  075B  309C               	movlw	156
   522  075C  00B3               	movwf	main@delay+1
   523                           
   524                           ;main.c: 27: }
   525  075D  3001               	movlw	1
   526  075E  07B4               	addwf	main@count,f
   527  075F  1803               	skipnc
   528  0760  0AB5               	incf	main@count+1,f
   529  0761  3000               	movlw	0
   530  0762  07B5               	addwf	main@count+1,f
   531  0763  3003               	movlw	3
   532  0764  0235               	subwf	main@count+1,w
   533  0765  30E8               	movlw	232
   534  0766  1903               	skipnz
   535  0767  0234               	subwf	main@count,w
   536  0768  1C03               	skipc
   537  0769  2F6B               	goto	u401
   538  076A  2F6C               	goto	u400
   539  076B                     u401:
   540  076B  2F6E               	goto	l812
   541  076C                     u400:
   542  076C                     l810:
   543  076C  01B4               	clrf	main@count
   544  076D  01B5               	clrf	main@count+1
   545  076E                     l812:
   546  076E  30E8               	movlw	232
   547  076F  00F6               	movwf	___lwdiv@divisor
   548  0770  3003               	movlw	3
   549  0771  00F7               	movwf	___lwdiv@divisor+1
   550  0772  0835               	movf	main@count+1,w
   551  0773  00F9               	movwf	___lwdiv@dividend+1
   552  0774  0834               	movf	main@count,w
   553  0775  00F8               	movwf	___lwdiv@dividend
   554  0776  120A  118A  2671  120A  118A  	fcall	___lwdiv
   555  077B  0876               	movf	?___lwdiv,w
   556  077C  3E24               	addlw	(low (main@digit| 0))& (0+255)
   557  077D  0084               	movwf	4
   558  077E  1383               	bcf	3,7	;select IRP bank0
   559  077F  0800               	movf	0,w
   560  0780  1283               	bcf	3,5	;RP0=0, select bank0
   561  0781  1303               	bcf	3,6	;RP1=0, select bank0
   562  0782  00A0               	movwf	??_main
   563  0783  0820               	movf	??_main,w
   564  0784  00AE               	movwf	main@ssd
   565  0785                     l814:
   566  0785  3064               	movlw	100
   567  0786  00F6               	movwf	___lwdiv@divisor
   568  0787  3000               	movlw	0
   569  0788  00F7               	movwf	___lwdiv@divisor+1
   570  0789  0835               	movf	main@count+1,w
   571  078A  00F3               	movwf	___lwmod@dividend+1
   572  078B  0834               	movf	main@count,w
   573  078C  00F2               	movwf	___lwmod@dividend
   574  078D  30E8               	movlw	232
   575  078E  00F0               	movwf	___lwmod@divisor
   576  078F  3003               	movlw	3
   577  0790  00F1               	movwf	___lwmod@divisor+1
   578  0791  120A  118A  2637  120A  118A  	fcall	___lwmod
   579  0796  0871               	movf	?___lwmod+1,w
   580  0797  00F9               	movwf	___lwdiv@dividend+1
   581  0798  0870               	movf	?___lwmod,w
   582  0799  00F8               	movwf	___lwdiv@dividend
   583  079A  120A  118A  2671  120A  118A  	fcall	___lwdiv
   584  079F  0876               	movf	?___lwdiv,w
   585  07A0  3E24               	addlw	(low (main@digit| 0))& (0+255)
   586  07A1  0084               	movwf	4
   587  07A2  1383               	bcf	3,7	;select IRP bank0
   588  07A3  0800               	movf	0,w
   589  07A4  1283               	bcf	3,5	;RP0=0, select bank0
   590  07A5  1303               	bcf	3,6	;RP1=0, select bank0
   591  07A6  00A0               	movwf	??_main
   592  07A7  0820               	movf	??_main,w
   593  07A8  00AF               	movwf	main@ssd+1
   594  07A9                     l816:
   595  07A9  300A               	movlw	10
   596  07AA  00F6               	movwf	___lwdiv@divisor
   597  07AB  3000               	movlw	0
   598  07AC  00F7               	movwf	___lwdiv@divisor+1
   599  07AD  0835               	movf	main@count+1,w
   600  07AE  00F3               	movwf	___lwmod@dividend+1
   601  07AF  0834               	movf	main@count,w
   602  07B0  00F2               	movwf	___lwmod@dividend
   603  07B1  3064               	movlw	100
   604  07B2  00F0               	movwf	___lwmod@divisor
   605  07B3  3000               	movlw	0
   606  07B4  00F1               	movwf	___lwmod@divisor+1
   607  07B5  120A  118A  2637  120A  118A  	fcall	___lwmod
   608  07BA  0871               	movf	?___lwmod+1,w
   609  07BB  00F9               	movwf	___lwdiv@dividend+1
   610  07BC  0870               	movf	?___lwmod,w
   611  07BD  00F8               	movwf	___lwdiv@dividend
   612  07BE  120A  118A  2671  120A  118A  	fcall	___lwdiv
   613  07C3  0876               	movf	?___lwdiv,w
   614  07C4  3E24               	addlw	(low (main@digit| 0))& (0+255)
   615  07C5  0084               	movwf	4
   616  07C6  1383               	bcf	3,7	;select IRP bank0
   617  07C7  0800               	movf	0,w
   618  07C8  1283               	bcf	3,5	;RP0=0, select bank0
   619  07C9  1303               	bcf	3,6	;RP1=0, select bank0
   620  07CA  00A0               	movwf	??_main
   621  07CB  0820               	movf	??_main,w
   622  07CC  00B0               	movwf	main@ssd+2
   623  07CD                     l818:
   624  07CD  300A               	movlw	10
   625  07CE  00F0               	movwf	___lwmod@divisor
   626  07CF  3000               	movlw	0
   627  07D0  00F1               	movwf	___lwmod@divisor+1
   628  07D1  0835               	movf	main@count+1,w
   629  07D2  00F3               	movwf	___lwmod@dividend+1
   630  07D3  0834               	movf	main@count,w
   631  07D4  00F2               	movwf	___lwmod@dividend
   632  07D5  120A  118A  2637  120A  118A  	fcall	___lwmod
   633  07DA  0870               	movf	?___lwmod,w
   634  07DB  3E24               	addlw	(low (main@digit| 0))& (0+255)
   635  07DC  0084               	movwf	4
   636  07DD  1383               	bcf	3,7	;select IRP bank0
   637  07DE  0800               	movf	0,w
   638  07DF  1283               	bcf	3,5	;RP0=0, select bank0
   639  07E0  1303               	bcf	3,6	;RP1=0, select bank0
   640  07E1  00A0               	movwf	??_main
   641  07E2  0820               	movf	??_main,w
   642  07E3  00B1               	movwf	main@ssd+3
   643  07E4                     l820:
   644  07E4  302E               	movlw	(low (main@ssd| 0))& (0+255)
   645  07E5  120A  118A  26B5  120A  118A  	fcall	_display
   646  07EA  2F49               	goto	l806
   647  07EB  120A  118A  2800   	ljmp	start
   648  07EE                     __end_of_main:
   649                           
   650                           	psect	text1
   651  060D                     __ptext1:	
   652 ;; *************** function _init_config *****************
   653 ;; Defined at:
   654 ;;		line 12 in file "main.c"
   655 ;; Parameters:    Size  Location     Type
   656 ;;		None
   657 ;; Auto vars:     Size  Location     Type
   658 ;;		None
   659 ;; Return value:  Size  Location     Type
   660 ;;                  1    wreg      void 
   661 ;; Registers used:
   662 ;;		wreg, status,2, status,0, pclath, cstack
   663 ;; Tracked objects:
   664 ;;		On entry : 0/0
   665 ;;		On exit  : 0/0
   666 ;;		Unchanged: 0/0
   667 ;; Data sizes:     COMMON   BANK0   BANK1   BANK3   BANK2
   668 ;;      Params:         0       0       0       0       0
   669 ;;      Locals:         0       0       0       0       0
   670 ;;      Temps:          0       0       0       0       0
   671 ;;      Totals:         0       0       0       0       0
   672 ;;Total ram usage:        0 bytes
   673 ;; Hardware stack levels used: 1
   674 ;; Hardware stack levels required when called: 1
   675 ;; This function calls:
   676 ;;		_init_ssd
   677 ;; This function is called by:
   678 ;;		_main
   679 ;; This function uses a non-reentrant model
   680 ;;
   681                           
   682  060D                     _init_config:	
   683                           ;psect for function _init_config
   684                           
   685  060D                     l730:	
   686                           ;incstack = 0
   687                           ; Regs used in _init_config: [wreg+status,2+status,0+pclath+cstack]
   688                           
   689                           
   690                           ;main.c: 14:             delay = 40000;
   691  060D  120A  118A  2613  120A  118A  	fcall	_init_ssd
   692  0612                     l7:
   693  0612  0008               	return
   694  0613                     __end_of_init_config:
   695                           
   696                           	psect	text2
   697  0613                     __ptext2:	
   698 ;; *************** function _init_ssd *****************
   699 ;; Defined at:
   700 ;;		line 3 in file "ssd.c"
   701 ;; Parameters:    Size  Location     Type
   702 ;;		None
   703 ;; Auto vars:     Size  Location     Type
   704 ;;		None
   705 ;; Return value:  Size  Location     Type
   706 ;;                  1    wreg      void 
   707 ;; Registers used:
   708 ;;		wreg, status,2
   709 ;; Tracked objects:
   710 ;;		On entry : 0/0
   711 ;;		On exit  : 0/0
   712 ;;		Unchanged: 0/0
   713 ;; Data sizes:     COMMON   BANK0   BANK1   BANK3   BANK2
   714 ;;      Params:         0       0       0       0       0
   715 ;;      Locals:         0       0       0       0       0
   716 ;;      Temps:          0       0       0       0       0
   717 ;;      Totals:         0       0       0       0       0
   718 ;;Total ram usage:        0 bytes
   719 ;; Hardware stack levels used: 1
   720 ;; This function calls:
   721 ;;		Nothing
   722 ;; This function is called by:
   723 ;;		_init_config
   724 ;; This function uses a non-reentrant model
   725 ;;
   726                           
   727  0613                     _init_ssd:	
   728                           ;psect for function _init_ssd
   729                           
   730  0613                     l726:	
   731                           ;incstack = 0
   732                           ; Regs used in _init_ssd: [wreg+status,2]
   733                           
   734                           
   735                           ;ssd.c: 6:     TRISD = 0x00;
   736  0613  1683               	bsf	3,5	;RP0=1, select bank1
   737  0614  1303               	bcf	3,6	;RP1=0, select bank1
   738  0615  0188               	clrf	8	;volatile
   739  0616                     l728:
   740                           
   741                           ;ssd.c: 9:     TRISA = TRISA & 0XC3;
   742  0616  0805               	movf	5,w	;volatile
   743  0617  39C3               	andlw	195
   744  0618  0085               	movwf	5	;volatile
   745  0619                     l30:
   746  0619  0008               	return
   747  061A                     __end_of_init_ssd:
   748                           
   749                           	psect	text3
   750  06B5                     __ptext3:	
   751 ;; *************** function _display *****************
   752 ;; Defined at:
   753 ;;		line 15 in file "ssd.c"
   754 ;; Parameters:    Size  Location     Type
   755 ;;  data            1    wreg     PTR unsigned char 
   756 ;;		 -> main@ssd(4), 
   757 ;; Auto vars:     Size  Location     Type
   758 ;;  data            1    8[COMMON] PTR unsigned char 
   759 ;;		 -> main@ssd(4), 
   760 ;;  wait            4    4[COMMON] unsigned long 
   761 ;;  digit           4    9[COMMON] unsigned long 
   762 ;;  delay           4    0        unsigned long 
   763 ;; Return value:  Size  Location     Type
   764 ;;                  1    wreg      void 
   765 ;; Registers used:
   766 ;;		wreg, fsr0l, fsr0h, status,2, status,0
   767 ;; Tracked objects:
   768 ;;		On entry : 0/0
   769 ;;		On exit  : 0/0
   770 ;;		Unchanged: 0/0
   771 ;; Data sizes:     COMMON   BANK0   BANK1   BANK3   BANK2
   772 ;;      Params:         0       0       0       0       0
   773 ;;      Locals:         9       0       0       0       0
   774 ;;      Temps:          4       0       0       0       0
   775 ;;      Totals:        13       0       0       0       0
   776 ;;Total ram usage:       13 bytes
   777 ;; Hardware stack levels used: 1
   778 ;; This function calls:
   779 ;;		Nothing
   780 ;; This function is called by:
   781 ;;		_main
   782 ;; This function uses a non-reentrant model
   783 ;;
   784                           
   785  06B5                     _display:	
   786                           ;psect for function _display
   787                           
   788                           
   789                           ;incstack = 0
   790                           ; Regs used in _display: [wreg-fsr0h+status,2+status,0]
   791                           ;display@data stored from wreg
   792  06B5  00F8               	movwf	display@data
   793  06B6                     l732:
   794                           
   795                           ;ssd.c: 19:     for (digit = 0;digit < 4;digit++)
   796  06B6  3000               	movlw	0
   797  06B7  00FC               	movwf	display@digit+3
   798  06B8  3000               	movlw	0
   799  06B9  00FB               	movwf	display@digit+2
   800  06BA  3000               	movlw	0
   801  06BB  00FA               	movwf	display@digit+1
   802  06BC  3000               	movlw	0
   803  06BD  00F9               	movwf	display@digit
   804  06BE                     l738:
   805                           
   806                           ;ssd.c: 20:     {;ssd.c: 22:             PORTD = data[digit];
   807  06BE  0879               	movf	display@digit,w
   808  06BF  0778               	addwf	display@data,w
   809  06C0  00F0               	movwf	??_display
   810  06C1  0870               	movf	??_display,w
   811  06C2  0084               	movwf	4
   812  06C3  1383               	bcf	3,7	;select IRP bank0
   813  06C4  0800               	movf	0,w
   814  06C5  1283               	bcf	3,5	;RP0=0, select bank0
   815  06C6  1303               	bcf	3,6	;RP1=0, select bank0
   816  06C7  0088               	movwf	8	;volatile
   817  06C8                     l740:
   818                           
   819                           ;ssd.c: 23:             PORTA = (PORTA & 0x03) | (0x04 << digit);
   820  06C8  3004               	movlw	4
   821  06C9  00F0               	movwf	??_display
   822  06CA  0A79               	incf	display@digit,w
   823  06CB  2ECE               	goto	u214
   824  06CC                     u215:
   825  06CC  1003               	clrc
   826  06CD  0DF0               	rlf	??_display,f
   827  06CE                     u214:
   828  06CE  3EFF               	addlw	-1
   829  06CF  1D03               	skipz
   830  06D0  2ECC               	goto	u215
   831  06D1  0805               	movf	5,w	;volatile
   832  06D2  3903               	andlw	3
   833  06D3  0470               	iorwf	??_display,w
   834  06D4  0085               	movwf	5	;volatile
   835  06D5                     l742:
   836                           
   837                           ;ssd.c: 24:             for (unsigned long int wait = 20000; wait--; );
   838  06D5  3000               	movlw	0
   839  06D6  00F7               	movwf	display@wait+3
   840  06D7  3000               	movlw	0
   841  06D8  00F6               	movwf	display@wait+2
   842  06D9  304E               	movlw	78
   843  06DA  00F5               	movwf	display@wait+1
   844  06DB  3020               	movlw	32
   845  06DC  00F4               	movwf	display@wait
   846  06DD                     l744:
   847  06DD  3001               	movlw	1
   848  06DE  00F0               	movwf	??_display
   849  06DF  3000               	movlw	0
   850  06E0  00F1               	movwf	??_display+1
   851  06E1  3000               	movlw	0
   852  06E2  00F2               	movwf	??_display+2
   853  06E3  3000               	movlw	0
   854  06E4  00F3               	movwf	??_display+3
   855  06E5  0870               	movf	??_display,w
   856  06E6  02F4               	subwf	display@wait,f
   857  06E7  0871               	movf	??_display+1,w
   858  06E8  1C03               	skipc
   859  06E9  0F71               	incfsz	??_display+1,w
   860  06EA  2EEC               	goto	u225
   861  06EB  2EED               	goto	u226
   862  06EC                     u225:
   863  06EC  02F5               	subwf	display@wait+1,f
   864  06ED                     u226:
   865  06ED  0872               	movf	??_display+2,w
   866  06EE  1C03               	skipc
   867  06EF  0F72               	incfsz	??_display+2,w
   868  06F0  2EF2               	goto	u227
   869  06F1  2EF3               	goto	u228
   870  06F2                     u227:
   871  06F2  02F6               	subwf	display@wait+2,f
   872  06F3                     u228:
   873  06F3  0873               	movf	??_display+3,w
   874  06F4  1C03               	skipc
   875  06F5  0F73               	incfsz	??_display+3,w
   876  06F6  2EF8               	goto	u229
   877  06F7  2EF9               	goto	u220
   878  06F8                     u229:
   879  06F8  02F7               	subwf	display@wait+3,f
   880  06F9                     u220:
   881  06F9  0A74               	incf	display@wait,w
   882  06FA  1D03               	skipz
   883  06FB  2F06               	goto	u231
   884  06FC  0A75               	incf	display@wait+1,w
   885  06FD  1D03               	skipz
   886  06FE  2F06               	goto	u231
   887  06FF  0A76               	incf	display@wait+2,w
   888  0700  1D03               	skipz
   889  0701  2F06               	goto	u231
   890  0702  0A77               	incf	display@wait+3,w
   891  0703  1D03               	btfss	3,2
   892  0704  2F06               	goto	u231
   893  0705  2F07               	goto	u230
   894  0706                     u231:
   895  0706  2EDD               	goto	l744
   896  0707                     u230:
   897  0707                     l746:
   898                           
   899                           ;ssd.c: 27:     }
   900  0707  3001               	movlw	1
   901  0708  07F9               	addwf	display@digit,f
   902  0709  3000               	movlw	0
   903  070A  1803               	skipnc
   904  070B  3001               	movlw	1
   905  070C  07FA               	addwf	display@digit+1,f
   906  070D  3000               	movlw	0
   907  070E  1803               	skipnc
   908  070F  3001               	movlw	1
   909  0710  07FB               	addwf	display@digit+2,f
   910  0711  3000               	movlw	0
   911  0712  1803               	skipnc
   912  0713  3001               	movlw	1
   913  0714  07FC               	addwf	display@digit+3,f
   914  0715                     l748:
   915  0715  087C               	movf	display@digit+3,w
   916  0716  1D03               	btfss	3,2
   917  0717  2F26               	goto	u240
   918  0718  087B               	movf	display@digit+2,w
   919  0719  1D03               	btfss	3,2
   920  071A  2F26               	goto	u240
   921  071B  087A               	movf	display@digit+1,w
   922  071C  1D03               	btfss	3,2
   923  071D  2F26               	goto	u240
   924  071E  3004               	movlw	4
   925  071F  0279               	subwf	display@digit,w
   926  0720  1D03               	skipz
   927  0721  2F22               	goto	u243
   928  0722                     u243:
   929  0722  1C03               	btfss	3,0
   930  0723  2F25               	goto	u241
   931  0724  2F26               	goto	u240
   932  0725                     u241:
   933  0725  2EBE               	goto	l738
   934  0726                     u240:
   935  0726                     l38:
   936  0726  0008               	return
   937  0727                     __end_of_display:
   938                           
   939                           	psect	text4
   940  0637                     __ptext4:	
   941 ;; *************** function ___lwmod *****************
   942 ;; Defined at:
   943 ;;		line 5 in file "C:\Program Files\Microchip\xc8\v2.36\pic\sources\c90\common\lwmod.c"
   944 ;; Parameters:    Size  Location     Type
   945 ;;  divisor         2    0[COMMON] unsigned int 
   946 ;;  dividend        2    2[COMMON] unsigned int 
   947 ;; Auto vars:     Size  Location     Type
   948 ;;  counter         1    5[COMMON] unsigned char 
   949 ;; Return value:  Size  Location     Type
   950 ;;                  2    0[COMMON] unsigned int 
   951 ;; Registers used:
   952 ;;		wreg, status,2, status,0
   953 ;; Tracked objects:
   954 ;;		On entry : 0/0
   955 ;;		On exit  : 0/0
   956 ;;		Unchanged: 0/0
   957 ;; Data sizes:     COMMON   BANK0   BANK1   BANK3   BANK2
   958 ;;      Params:         4       0       0       0       0
   959 ;;      Locals:         1       0       0       0       0
   960 ;;      Temps:          1       0       0       0       0
   961 ;;      Totals:         6       0       0       0       0
   962 ;;Total ram usage:        6 bytes
   963 ;; Hardware stack levels used: 1
   964 ;; This function calls:
   965 ;;		Nothing
   966 ;; This function is called by:
   967 ;;		_main
   968 ;; This function uses a non-reentrant model
   969 ;;
   970                           
   971  0637                     ___lwmod:	
   972                           ;psect for function ___lwmod
   973                           
   974  0637                     l776:	
   975                           ;incstack = 0
   976                           ; Regs used in ___lwmod: [wreg+status,2+status,0]
   977                           
   978  0637  0870               	movf	___lwmod@divisor,w
   979  0638  0471               	iorwf	___lwmod@divisor+1,w
   980  0639  1903               	btfsc	3,2
   981  063A  2E3C               	goto	u321
   982  063B  2E3D               	goto	u320
   983  063C                     u321:
   984  063C  2E6C               	goto	l794
   985  063D                     u320:
   986  063D                     l778:
   987  063D  01F5               	clrf	___lwmod@counter
   988  063E  0AF5               	incf	___lwmod@counter,f
   989  063F  2E4B               	goto	l784
   990  0640                     l780:
   991  0640  3001               	movlw	1
   992  0641                     u335:
   993  0641  1003               	clrc
   994  0642  0DF0               	rlf	___lwmod@divisor,f
   995  0643  0DF1               	rlf	___lwmod@divisor+1,f
   996  0644  3EFF               	addlw	-1
   997  0645  1D03               	skipz
   998  0646  2E41               	goto	u335
   999  0647                     l782:
  1000  0647  3001               	movlw	1
  1001  0648  00F4               	movwf	??___lwmod
  1002  0649  0874               	movf	??___lwmod,w
  1003  064A  07F5               	addwf	___lwmod@counter,f
  1004  064B                     l784:
  1005  064B  1FF1               	btfss	___lwmod@divisor+1,7
  1006  064C  2E4E               	goto	u341
  1007  064D  2E4F               	goto	u340
  1008  064E                     u341:
  1009  064E  2E40               	goto	l780
  1010  064F                     u340:
  1011  064F                     l786:
  1012  064F  0871               	movf	___lwmod@divisor+1,w
  1013  0650  0273               	subwf	___lwmod@dividend+1,w
  1014  0651  1D03               	skipz
  1015  0652  2E55               	goto	u355
  1016  0653  0870               	movf	___lwmod@divisor,w
  1017  0654  0272               	subwf	___lwmod@dividend,w
  1018  0655                     u355:
  1019  0655  1C03               	skipc
  1020  0656  2E58               	goto	u351
  1021  0657  2E59               	goto	u350
  1022  0658                     u351:
  1023  0658  2E5F               	goto	l790
  1024  0659                     u350:
  1025  0659                     l788:
  1026  0659  0870               	movf	___lwmod@divisor,w
  1027  065A  02F2               	subwf	___lwmod@dividend,f
  1028  065B  0871               	movf	___lwmod@divisor+1,w
  1029  065C  1C03               	skipc
  1030  065D  03F3               	decf	___lwmod@dividend+1,f
  1031  065E  02F3               	subwf	___lwmod@dividend+1,f
  1032  065F                     l790:
  1033  065F  3001               	movlw	1
  1034  0660                     u365:
  1035  0660  1003               	clrc
  1036  0661  0CF1               	rrf	___lwmod@divisor+1,f
  1037  0662  0CF0               	rrf	___lwmod@divisor,f
  1038  0663  3EFF               	addlw	-1
  1039  0664  1D03               	skipz
  1040  0665  2E60               	goto	u365
  1041  0666                     l792:
  1042  0666  3001               	movlw	1
  1043  0667  02F5               	subwf	___lwmod@counter,f
  1044  0668  1D03               	btfss	3,2
  1045  0669  2E6B               	goto	u371
  1046  066A  2E6C               	goto	u370
  1047  066B                     u371:
  1048  066B  2E4F               	goto	l786
  1049  066C                     u370:
  1050  066C                     l794:
  1051  066C  0873               	movf	___lwmod@dividend+1,w
  1052  066D  00F1               	movwf	?___lwmod+1
  1053  066E  0872               	movf	___lwmod@dividend,w
  1054  066F  00F0               	movwf	?___lwmod
  1055  0670                     l406:
  1056  0670  0008               	return
  1057  0671                     __end_of___lwmod:
  1058                           
  1059                           	psect	text5
  1060  0671                     __ptext5:	
  1061 ;; *************** function ___lwdiv *****************
  1062 ;; Defined at:
  1063 ;;		line 5 in file "C:\Program Files\Microchip\xc8\v2.36\pic\sources\c90\common\lwdiv.c"
  1064 ;; Parameters:    Size  Location     Type
  1065 ;;  divisor         2    6[COMMON] unsigned int 
  1066 ;;  dividend        2    8[COMMON] unsigned int 
  1067 ;; Auto vars:     Size  Location     Type
  1068 ;;  quotient        2   11[COMMON] unsigned int 
  1069 ;;  counter         1   13[COMMON] unsigned char 
  1070 ;; Return value:  Size  Location     Type
  1071 ;;                  2    6[COMMON] unsigned int 
  1072 ;; Registers used:
  1073 ;;		wreg, status,2, status,0
  1074 ;; Tracked objects:
  1075 ;;		On entry : 0/0
  1076 ;;		On exit  : 0/0
  1077 ;;		Unchanged: 0/0
  1078 ;; Data sizes:     COMMON   BANK0   BANK1   BANK3   BANK2
  1079 ;;      Params:         4       0       0       0       0
  1080 ;;      Locals:         3       0       0       0       0
  1081 ;;      Temps:          1       0       0       0       0
  1082 ;;      Totals:         8       0       0       0       0
  1083 ;;Total ram usage:        8 bytes
  1084 ;; Hardware stack levels used: 1
  1085 ;; This function calls:
  1086 ;;		Nothing
  1087 ;; This function is called by:
  1088 ;;		_main
  1089 ;; This function uses a non-reentrant model
  1090 ;;
  1091                           
  1092  0671                     ___lwdiv:	
  1093                           ;psect for function ___lwdiv
  1094                           
  1095  0671                     l750:	
  1096                           ;incstack = 0
  1097                           ; Regs used in ___lwdiv: [wreg+status,2+status,0]
  1098                           
  1099  0671  01FB               	clrf	___lwdiv@quotient
  1100  0672  01FC               	clrf	___lwdiv@quotient+1
  1101  0673                     l752:
  1102  0673  0876               	movf	___lwdiv@divisor,w
  1103  0674  0477               	iorwf	___lwdiv@divisor+1,w
  1104  0675  1903               	btfsc	3,2
  1105  0676  2E78               	goto	u251
  1106  0677  2E79               	goto	u250
  1107  0678                     u251:
  1108  0678  2EB0               	goto	l772
  1109  0679                     u250:
  1110  0679                     l754:
  1111  0679  01FD               	clrf	___lwdiv@counter
  1112  067A  0AFD               	incf	___lwdiv@counter,f
  1113  067B  2E87               	goto	l760
  1114  067C                     l756:
  1115  067C  3001               	movlw	1
  1116  067D                     u265:
  1117  067D  1003               	clrc
  1118  067E  0DF6               	rlf	___lwdiv@divisor,f
  1119  067F  0DF7               	rlf	___lwdiv@divisor+1,f
  1120  0680  3EFF               	addlw	-1
  1121  0681  1D03               	skipz
  1122  0682  2E7D               	goto	u265
  1123  0683                     l758:
  1124  0683  3001               	movlw	1
  1125  0684  00FA               	movwf	??___lwdiv
  1126  0685  087A               	movf	??___lwdiv,w
  1127  0686  07FD               	addwf	___lwdiv@counter,f
  1128  0687                     l760:
  1129  0687  1FF7               	btfss	___lwdiv@divisor+1,7
  1130  0688  2E8A               	goto	u271
  1131  0689  2E8B               	goto	u270
  1132  068A                     u271:
  1133  068A  2E7C               	goto	l756
  1134  068B                     u270:
  1135  068B                     l762:
  1136  068B  3001               	movlw	1
  1137  068C                     u285:
  1138  068C  1003               	clrc
  1139  068D  0DFB               	rlf	___lwdiv@quotient,f
  1140  068E  0DFC               	rlf	___lwdiv@quotient+1,f
  1141  068F  3EFF               	addlw	-1
  1142  0690  1D03               	skipz
  1143  0691  2E8C               	goto	u285
  1144  0692  0877               	movf	___lwdiv@divisor+1,w
  1145  0693  0279               	subwf	___lwdiv@dividend+1,w
  1146  0694  1D03               	skipz
  1147  0695  2E98               	goto	u295
  1148  0696  0876               	movf	___lwdiv@divisor,w
  1149  0697  0278               	subwf	___lwdiv@dividend,w
  1150  0698                     u295:
  1151  0698  1C03               	skipc
  1152  0699  2E9B               	goto	u291
  1153  069A  2E9C               	goto	u290
  1154  069B                     u291:
  1155  069B  2EA3               	goto	l768
  1156  069C                     u290:
  1157  069C                     l764:
  1158  069C  0876               	movf	___lwdiv@divisor,w
  1159  069D  02F8               	subwf	___lwdiv@dividend,f
  1160  069E  0877               	movf	___lwdiv@divisor+1,w
  1161  069F  1C03               	skipc
  1162  06A0  03F9               	decf	___lwdiv@dividend+1,f
  1163  06A1  02F9               	subwf	___lwdiv@dividend+1,f
  1164  06A2                     l766:
  1165  06A2  147B               	bsf	___lwdiv@quotient,0
  1166  06A3                     l768:
  1167  06A3  3001               	movlw	1
  1168  06A4                     u305:
  1169  06A4  1003               	clrc
  1170  06A5  0CF7               	rrf	___lwdiv@divisor+1,f
  1171  06A6  0CF6               	rrf	___lwdiv@divisor,f
  1172  06A7  3EFF               	addlw	-1
  1173  06A8  1D03               	skipz
  1174  06A9  2EA4               	goto	u305
  1175  06AA                     l770:
  1176  06AA  3001               	movlw	1
  1177  06AB  02FD               	subwf	___lwdiv@counter,f
  1178  06AC  1D03               	btfss	3,2
  1179  06AD  2EAF               	goto	u311
  1180  06AE  2EB0               	goto	u310
  1181  06AF                     u311:
  1182  06AF  2E8B               	goto	l762
  1183  06B0                     u310:
  1184  06B0                     l772:
  1185  06B0  087C               	movf	___lwdiv@quotient+1,w
  1186  06B1  00F7               	movwf	?___lwdiv+1
  1187  06B2  087B               	movf	___lwdiv@quotient,w
  1188  06B3  00F6               	movwf	?___lwdiv
  1189  06B4                     l396:
  1190  06B4  0008               	return
  1191  06B5                     __end_of___lwdiv:
  1192  007E                     btemp	set	126	;btemp
  1193  007E                     wtemp0	set	126
  1194                           
  1195                           	psect	config
  1196                           
  1197                           ;Config register CONFIG @ 0x2007
  1198                           ;	Oscillator Selection bits
  1199                           ;	FOSC = 0x3, unprogrammed default
  1200                           ;	Watchdog Timer Enable bit
  1201                           ;	WDTE = OFF, WDT disabled
  1202                           ;	Power-up Timer Enable bit
  1203                           ;	PWRTE = 0x1, unprogrammed default
  1204                           ;	Brown-out Reset Enable bit
  1205                           ;	BOREN = 0x1, unprogrammed default
  1206                           ;	Low-Voltage (Single-Supply) In-Circuit Serial Programming Enable bit
  1207                           ;	LVP = 0x1, unprogrammed default
  1208                           ;	Data EEPROM Memory Code Protection bit
  1209                           ;	CPD = 0x1, unprogrammed default
  1210                           ;	Flash Program Memory Write Enable bits
  1211                           ;	WRT = 0x3, unprogrammed default
  1212                           ;	In-Circuit Debugger Mode bit
  1213                           ;	DEBUG = 0x1, unprogrammed default
  1214                           ;	Flash Program Memory Code Protection bit
  1215                           ;	CP = 0x1, unprogrammed default
  1216  2007                     	org	8199
  1217  2007  3FFB               	dw	16379

Data Sizes:
    Strings     0
    Constant    0
    Data        10
    BSS         0
    Persistent  0
    Stack       0

Auto Spaces:
    Space          Size  Autos    Used
    COMMON           14     14      14
    BANK0            80     22      32
    BANK1            80      0       0
    BANK3            96      0       0
    BANK2            96      0       0

Pointer List with Targets:

    display@data	PTR unsigned char  size(1) Largest target is 4
		 -> main@ssd(BANK0[4]), 


Critical Paths under _main in COMMON

    _main->___lwdiv
    ___lwdiv->___lwmod

Critical Paths under _main in BANK0

    None.

Critical Paths under _main in BANK1

    None.

Critical Paths under _main in BANK3

    None.

Critical Paths under _main in BANK2

    None.

Call Graph Tables:

 ---------------------------------------------------------------------------------
 (Depth) Function   	        Calls       Base Space   Used Autos Params    Refs
 ---------------------------------------------------------------------------------
 (0) _main                                                22    22      0    1728
                                              0 BANK0     22    22      0
                            ___lwdiv
                            ___lwmod
                            _display
                        _init_config
 ---------------------------------------------------------------------------------
 (1) _init_config                                          0     0      0       0
                           _init_ssd
 ---------------------------------------------------------------------------------
 (2) _init_ssd                                             0     0      0       0
 ---------------------------------------------------------------------------------
 (1) _display                                             17    17      0     169
                                              0 COMMON    13    13      0
 ---------------------------------------------------------------------------------
 (1) ___lwmod                                              6     2      4     615
                                              0 COMMON     6     2      4
 ---------------------------------------------------------------------------------
 (1) ___lwdiv                                              8     4      4     618
                                              6 COMMON     8     4      4
                            ___lwmod (ARG)
 ---------------------------------------------------------------------------------
 Estimated maximum stack depth 2
 ---------------------------------------------------------------------------------

 Call Graph Graphs:

 _main (ROOT)
   ___lwdiv
     ___lwmod (ARG)
   ___lwmod
   _display
   _init_config
     _init_ssd

 Address spaces:
Name               Size   Autos  Total    Cost      Usage
BANK3               60      0       0       9        0.0%
BITBANK3            60      0       0       8        0.0%
SFR3                 0      0       0       4        0.0%
BITSFR3              0      0       0       4        0.0%
BANK2               60      0       0      11        0.0%
BITBANK2            60      0       0      10        0.0%
SFR2                 0      0       0       5        0.0%
BITSFR2              0      0       0       5        0.0%
BANK1               50      0       0       7        0.0%
BITBANK1            50      0       0       6        0.0%
SFR1                 0      0       0       2        0.0%
BITSFR1              0      0       0       2        0.0%
BANK0               50     16      20       5       40.0%
BITBANK0            50      0       0       4        0.0%
SFR0                 0      0       0       1        0.0%
BITSFR0              0      0       0       1        0.0%
COMMON               E      E       E       1      100.0%
BITCOMMON            E      0       0       0        0.0%
CODE                 0      0       0       0        0.0%
DATA                 0      0      2E      12        0.0%
ABS                  0      0      2E       3        0.0%
NULL                 0      0       0       0        0.0%
STACK                0      0       0       2        0.0%
EEDATA             100      0       0       0        0.0%


Microchip Technology PIC Macro Assembler V2.36 build 20220127204148 
Symbol Table                                                                                   Tue Aug 16 18:32:26 2022

                      l7 0612                        pc 0002                       l30 0619  
                     l38 0726                       fsr 0004                      l406 0670  
                    l800 072B                      l730 060D                      l810 076C  
                    l802 072F                      l396 06B4                      l740 06C8  
                    l732 06B6                      l820 07E4                      l812 076E  
                    l804 0744                      l750 0671                      l742 06D5  
                    l726 0613                      l814 0785                      l806 0749  
                    l760 0687                      l752 0673                      l744 06DD  
                    l728 0616                      l816 07A9                      l808 0759  
                    l770 06AA                      l762 068B                      l754 0679  
                    l746 0707                      l738 06BE                      l818 07CD  
                    l764 069C                      l756 067C                      l772 06B0  
                    l780 0640                      l748 0715                      l766 06A2  
                    l758 0683                      l790 065F                      l782 0647  
                    l768 06A3                      l792 0666                      l784 064B  
                    l776 0637                      l786 064F                      l778 063D  
                    l794 066C                      l788 0659                      l798 0727  
                    u220 06F9                      u310 06B0                      u230 0707  
                    u214 06CE                      u311 06AF                      u231 0706  
                    u215 06CC                      u320 063D                      u240 0726  
                    u400 076C                      u305 06A4                      u321 063C  
                    u241 0725                      u225 06EC                      u401 076B  
                    u250 0679                      u226 06ED                      u251 0678  
                    u243 0722                      u227 06F2                      u340 064F  
                    u228 06F3                      u341 064E                      u229 06F8  
                    u270 068B                      u350 0659                      u271 068A  
                    u351 0658                      u335 0641                      u265 067D  
                    u290 069C                      u370 066C                      u291 069B  
                    u371 066B                      u355 0655                      u380 0737  
                    u285 068C                      u365 0660                      u390 0759  
                    u295 0698                      u391 0758                      fsr0 0004  
                    indf 0000              display@data 0078              display@wait 0074  
                   _main 0727                     btemp 007E                     start 0000  
                  ?_main 0070          __end_of___lwdiv 06B5          __end_of___lwmod 0671  
           ?_init_config 0070                    _PORTA 0005                    _PORTD 0008  
                  _TRISA 0085                    _TRISD 0088             display@digit 0079  
        __end_of_display 0727                    pclath 000A                    status 0003  
                  wtemp0 007E          __initialization 07EE             __end_of_main 07EE  
                 ??_main 0020                ??___lwdiv 007A                ??___lwmod 0074  
       __end_of_init_ssd 061A                ??_display 0070  __end_of__initialization 07FC  
         __pcstackCOMMON 0070             __pidataBANK0 061A               __pmaintext 0727  
              ?_init_ssd 0070                  ___lwdiv 0671                  ___lwmod 0637  
                __ptext1 060D                  __ptext2 0613                  __ptext3 06B5  
                __ptext4 0637                  __ptext5 0671                  _display 06B5  
                main@ssd 002E     end_of_initialization 07FC               ??_init_ssd 0070  
    start_initialization 07EE               init_fetch0 0624              __pdataBANK0 0036  
          ??_init_config 0070                ___latbits 0002            __pcstackBANK0 0020  
       ___lwdiv@dividend 0078                 ?___lwdiv 0076                 ?___lwmod 0070  
               ?_display 0070         ___lwdiv@quotient 007B      __end_of_init_config 0613  
              main@delay 0032                main@digit 0024                main@count 0034  
            _init_config 060D          ___lwdiv@divisor 0076          ___lwdiv@counter 007D  
               _init_ssd 0613                 main@F858 0036                 init_ram0 0628  
       ___lwmod@dividend 0072          ___lwmod@divisor 0070          ___lwmod@counter 0075  
