

Microchip MPLAB XC8 Assembler V2.36 build 20220127204148 
                                                                                               Wed Aug 24 23:50:32 2022

Microchip MPLAB XC8 C Compiler v2.36 (Free license) build 20220127204148 Og1 
     1                           	processor	16F877A
     2                           	pagewidth 120
     3                           	opt	flic
     4                           	psect	idataBANK0,global,class=CODE,delta=2,noexec
     5                           	psect	cinit,global,class=CODE,merge=1,delta=2
     6                           	psect	bssBANK0,global,class=BANK0,space=1,delta=1,noexec
     7                           	psect	dataBANK0,global,class=BANK0,space=1,delta=1,noexec
     8                           	psect	inittext,global,class=CODE,delta=2
     9                           	psect	cstackCOMMON,global,class=COMMON,space=1,delta=1,noexec
    10                           	psect	cstackBANK0,global,class=BANK0,space=1,delta=1,noexec
    11                           	psect	maintext,global,class=CODE,split=1,delta=2
    12                           	psect	text1,local,class=CODE,merge=1,delta=2
    13                           	psect	text2,local,class=CODE,merge=1,delta=2
    14                           	psect	text3,local,class=CODE,merge=1,delta=2
    15                           	psect	text4,local,class=CODE,merge=1,delta=2,group=1
    16                           	psect	text5,local,class=CODE,merge=1,delta=2,group=1
    17                           	psect	config,global,abs,ovrld,class=CONFIG,space=4,delta=2,noexec
    18                           	dabs	1,0x7E,2
    19  0000                     
    20                           ; Version 2.20
    21                           ; Generated 12/02/2020 GMT
    22                           ; 
    23                           ; Copyright © 2020, Microchip Technology Inc. and its subsidiaries ("Microchip")
    24                           ; All rights reserved.
    25                           ; 
    26                           ; This software is developed by Microchip Technology Inc. and its subsidiaries ("Microch
      +                          ip").
    27                           ; 
    28                           ; Redistribution and use in source and binary forms, with or without modification, are
    29                           ; permitted provided that the following conditions are met:
    30                           ; 
    31                           ;     1. Redistributions of source code must retain the above copyright notice, this lis
      +                          t of
    32                           ;        conditions and the following disclaimer.
    33                           ; 
    34                           ;     2. Redistributions in binary form must reproduce the above copyright notice, this 
      +                          list
    35                           ;        of conditions and the following disclaimer in the documentation and/or other
    36                           ;        materials provided with the distribution.
    37                           ; 
    38                           ;     3. Microchip's name may not be used to endorse or promote products derived from th
      +                          is
    39                           ;        software without specific prior written permission.
    40                           ; 
    41                           ; THIS SOFTWARE IS PROVIDED BY MICROCHIP "AS IS" AND ANY EXPRESS OR IMPLIED WARRANTIES,
    42                           ; INCLUDING, BUT NOT LIMITED TO, THE IMPLIED WARRANTIES OF MERCHANTABILITY AND FITNESS F
      +                          OR
    43                           ; PURPOSE ARE DISCLAIMED.  IN NO EVENT SHALL MICROCHIP BE LIABLE FOR ANY DIRECT, INDIREC
      +                          T,
    44                           ; INCIDENTAL, SPECIAL, EXEMPLARY, OR CONSEQUENTIAL DAMAGES (INCLUDING BUT NOT LIMITED TO
    45                           ; PROCUREMENT OF SUBSTITUTE GOODS OR SERVICES; LOSS OF USE, DATA OR PROFITS; OR BUSINESS
    46                           ; INTERRUPTION) HOWSOEVER CAUSED AND ON ANY THEORY OF LIABILITY, WHETHER IN CONTRACT, ST
      +                          RICT
    47                           ; LIABILITY, OR TORT (INCLUDING NEGLIGENCE OR OTHERWISE) ARISING IN ANY WAY OUT OF THE U
      +                          SE OF
    48                           ; THIS SOFTWARE, EVEN IF ADVISED OF THE POSSIBILITY OF SUCH DAMAGE.
    49                           ; 
    50                           ; 
    51                           ; Code-generator required, PIC16F877A Definitions
    52                           ; 
    53                           ; SFR Addresses
    54  0000                     	;# 
    55  0001                     	;# 
    56  0002                     	;# 
    57  0003                     	;# 
    58  0004                     	;# 
    59  0005                     	;# 
    60  0006                     	;# 
    61  0007                     	;# 
    62  0008                     	;# 
    63  0009                     	;# 
    64  000A                     	;# 
    65  000B                     	;# 
    66  000C                     	;# 
    67  000D                     	;# 
    68  000E                     	;# 
    69  000E                     	;# 
    70  000F                     	;# 
    71  0010                     	;# 
    72  0011                     	;# 
    73  0012                     	;# 
    74  0013                     	;# 
    75  0014                     	;# 
    76  0015                     	;# 
    77  0015                     	;# 
    78  0016                     	;# 
    79  0017                     	;# 
    80  0018                     	;# 
    81  0019                     	;# 
    82  001A                     	;# 
    83  001B                     	;# 
    84  001B                     	;# 
    85  001C                     	;# 
    86  001D                     	;# 
    87  001E                     	;# 
    88  001F                     	;# 
    89  0081                     	;# 
    90  0085                     	;# 
    91  0086                     	;# 
    92  0087                     	;# 
    93  0088                     	;# 
    94  0089                     	;# 
    95  008C                     	;# 
    96  008D                     	;# 
    97  008E                     	;# 
    98  0091                     	;# 
    99  0092                     	;# 
   100  0093                     	;# 
   101  0094                     	;# 
   102  0098                     	;# 
   103  0099                     	;# 
   104  009C                     	;# 
   105  009D                     	;# 
   106  009E                     	;# 
   107  009F                     	;# 
   108  010C                     	;# 
   109  010D                     	;# 
   110  010E                     	;# 
   111  010F                     	;# 
   112  018C                     	;# 
   113  018D                     	;# 
   114  0000                     	;# 
   115  0001                     	;# 
   116  0002                     	;# 
   117  0003                     	;# 
   118  0004                     	;# 
   119  0005                     	;# 
   120  0006                     	;# 
   121  0007                     	;# 
   122  0008                     	;# 
   123  0009                     	;# 
   124  000A                     	;# 
   125  000B                     	;# 
   126  000C                     	;# 
   127  000D                     	;# 
   128  000E                     	;# 
   129  000E                     	;# 
   130  000F                     	;# 
   131  0010                     	;# 
   132  0011                     	;# 
   133  0012                     	;# 
   134  0013                     	;# 
   135  0014                     	;# 
   136  0015                     	;# 
   137  0015                     	;# 
   138  0016                     	;# 
   139  0017                     	;# 
   140  0018                     	;# 
   141  0019                     	;# 
   142  001A                     	;# 
   143  001B                     	;# 
   144  001B                     	;# 
   145  001C                     	;# 
   146  001D                     	;# 
   147  001E                     	;# 
   148  001F                     	;# 
   149  0081                     	;# 
   150  0085                     	;# 
   151  0086                     	;# 
   152  0087                     	;# 
   153  0088                     	;# 
   154  0089                     	;# 
   155  008C                     	;# 
   156  008D                     	;# 
   157  008E                     	;# 
   158  0091                     	;# 
   159  0092                     	;# 
   160  0093                     	;# 
   161  0094                     	;# 
   162  0098                     	;# 
   163  0099                     	;# 
   164  009C                     	;# 
   165  009D                     	;# 
   166  009E                     	;# 
   167  009F                     	;# 
   168  010C                     	;# 
   169  010D                     	;# 
   170  010E                     	;# 
   171  010F                     	;# 
   172  018C                     	;# 
   173  018D                     	;# 
   174  0000                     	;# 
   175  0001                     	;# 
   176  0002                     	;# 
   177  0003                     	;# 
   178  0004                     	;# 
   179  0005                     	;# 
   180  0006                     	;# 
   181  0007                     	;# 
   182  0008                     	;# 
   183  0009                     	;# 
   184  000A                     	;# 
   185  000B                     	;# 
   186  000C                     	;# 
   187  000D                     	;# 
   188  000E                     	;# 
   189  000E                     	;# 
   190  000F                     	;# 
   191  0010                     	;# 
   192  0011                     	;# 
   193  0012                     	;# 
   194  0013                     	;# 
   195  0014                     	;# 
   196  0015                     	;# 
   197  0015                     	;# 
   198  0016                     	;# 
   199  0017                     	;# 
   200  0018                     	;# 
   201  0019                     	;# 
   202  001A                     	;# 
   203  001B                     	;# 
   204  001B                     	;# 
   205  001C                     	;# 
   206  001D                     	;# 
   207  001E                     	;# 
   208  001F                     	;# 
   209  0081                     	;# 
   210  0085                     	;# 
   211  0086                     	;# 
   212  0087                     	;# 
   213  0088                     	;# 
   214  0089                     	;# 
   215  008C                     	;# 
   216  008D                     	;# 
   217  008E                     	;# 
   218  0091                     	;# 
   219  0092                     	;# 
   220  0093                     	;# 
   221  0094                     	;# 
   222  0098                     	;# 
   223  0099                     	;# 
   224  009C                     	;# 
   225  009D                     	;# 
   226  009E                     	;# 
   227  009F                     	;# 
   228  010C                     	;# 
   229  010D                     	;# 
   230  010E                     	;# 
   231  010F                     	;# 
   232  018C                     	;# 
   233  018D                     	;# 
   234                           
   235                           	psect	idataBANK0
   236  05A8                     __pidataBANK0:
   237                           
   238                           ;initializer for main@F864
   239  05A8  343F               	retlw	63
   240  05A9  3406               	retlw	6
   241  05AA  345B               	retlw	91
   242  05AB  344F               	retlw	79
   243  05AC  3466               	retlw	102
   244  05AD  346D               	retlw	109
   245  05AE  347D               	retlw	125
   246  05AF  3407               	retlw	7
   247  05B0  347F               	retlw	127
   248  05B1  346F               	retlw	111
   249  0005                     _PORTA	set	5
   250  0008                     _PORTD	set	8
   251  0030                     _RB0	set	48
   252  0085                     _TRISA	set	133
   253  0088                     _TRISD	set	136
   254                           
   255                           	psect	cinit
   256  07EC                     start_initialization:	
   257                           ; #config settings
   258                           
   259  07EC                     __initialization:
   260                           
   261                           ; Initialize objects allocated to BANK0
   262  07EC  1383               	bcf	3,7	;select IRP bank0
   263  07ED  3045               	movlw	low (__pdataBANK0+10)
   264  07EE  00FD               	movwf	btemp+-1
   265  07EF  3005               	movlw	high __pidataBANK0
   266  07F0  00FE               	movwf	btemp
   267  07F1  30A8               	movlw	low __pidataBANK0
   268  07F2  00FF               	movwf	btemp+1
   269  07F3  303B               	movlw	low __pdataBANK0
   270  07F4  0084               	movwf	4
   271  07F5  120A  118A  25B6  120A  118A  	fcall	init_ram0
   272                           
   273                           ; Clear objects allocated to BANK0
   274  07FA  01C5               	clrf	__pbssBANK0& (0+127)
   275  07FB  01C6               	clrf	(__pbssBANK0+1)& (0+127)
   276  07FC                     end_of_initialization:	
   277                           ;End of C runtime variable initialization code
   278                           
   279  07FC                     __end_of__initialization:
   280  07FC  0183               	clrf	3
   281  07FD  120A  118A  2EE7   	ljmp	_main	;jump to C main() function
   282                           
   283                           	psect	bssBANK0
   284  0045                     __pbssBANK0:
   285  0045                     main@count:
   286  0045                     	ds	2
   287                           
   288                           	psect	dataBANK0
   289  003B                     __pdataBANK0:
   290  003B                     main@F864:
   291  003B                     	ds	10
   292                           
   293                           	psect	inittext
   294  05B2                     init_fetch0:	
   295                           ;	Called with low address in FSR and high address in W
   296                           
   297  05B2  087E               	movf	btemp,w
   298  05B3  008A               	movwf	10
   299  05B4  087F               	movf	btemp+1,w
   300  05B5  0082               	movwf	2
   301  05B6                     init_ram0:	
   302                           ;Called with:
   303                           ;	high address of idata address in btemp 
   304                           ;	low address of idata address in btemp+1 
   305                           ;	low address of data in FSR
   306                           ;	high address + 1 of data in btemp-1
   307                           
   308  05B6  120A  118A  25B2  120A  118A  	fcall	init_fetch0
   309  05BB  0080               	movwf	0
   310  05BC  0A84               	incf	4,f
   311  05BD  0804               	movf	4,w
   312  05BE  067D               	xorwf	btemp+-1,w
   313  05BF  1903               	btfsc	3,2
   314  05C0  3400               	retlw	0
   315  05C1  0AFF               	incf	btemp+1,f
   316  05C2  1903               	btfsc	3,2
   317  05C3  0AFE               	incf	btemp,f
   318  05C4  2DB6               	goto	init_ram0
   319                           
   320                           	psect	cstackCOMMON
   321  0070                     __pcstackCOMMON:
   322  0070                     ?_init_ssd:
   323  0070                     ??_init_ssd:	
   324                           ; 1 bytes @ 0x0
   325                           
   326  0070                     ?_display_ssd:	
   327                           ; 1 bytes @ 0x0
   328                           
   329  0070                     ??_display_ssd:	
   330                           ; 1 bytes @ 0x0
   331                           
   332  0070                     ?_init_config:	
   333                           ; 1 bytes @ 0x0
   334                           
   335  0070                     ??_init_config:	
   336                           ; 1 bytes @ 0x0
   337                           
   338  0070                     ?_main:	
   339                           ; 1 bytes @ 0x0
   340                           
   341  0070                     ?___awmod:	
   342                           ; 1 bytes @ 0x0
   343                           
   344  0070                     ___awmod@divisor:	
   345                           ; 2 bytes @ 0x0
   346                           
   347                           
   348                           ; 2 bytes @ 0x0
   349  0070                     	ds	2
   350  0072                     ___awmod@dividend:
   351                           
   352                           ; 2 bytes @ 0x2
   353  0072                     	ds	2
   354  0074                     ??___awmod:
   355  0074                     display_ssd@wait:	
   356                           ; 1 bytes @ 0x4
   357                           
   358                           
   359                           ; 4 bytes @ 0x4
   360  0074                     	ds	1
   361  0075                     ___awmod@counter:
   362                           
   363                           ; 1 bytes @ 0x5
   364  0075                     	ds	1
   365  0076                     ___awmod@sign:
   366                           
   367                           ; 1 bytes @ 0x6
   368  0076                     	ds	1
   369  0077                     ?___awdiv:
   370  0077                     ___awdiv@divisor:	
   371                           ; 2 bytes @ 0x7
   372                           
   373                           
   374                           ; 2 bytes @ 0x7
   375  0077                     	ds	1
   376  0078                     display_ssd@data:
   377                           
   378                           ; 1 bytes @ 0x8
   379  0078                     	ds	1
   380  0079                     display_ssd@digit:
   381  0079                     ___awdiv@dividend:	
   382                           ; 2 bytes @ 0x9
   383                           
   384                           
   385                           ; 2 bytes @ 0x9
   386  0079                     	ds	2
   387  007B                     ??___awdiv:
   388                           
   389                           ; 1 bytes @ 0xB
   390  007B                     	ds	1
   391                           
   392                           	psect	cstackBANK0
   393  0020                     __pcstackBANK0:
   394  0020                     ___awdiv@counter:
   395                           
   396                           ; 1 bytes @ 0x0
   397  0020                     	ds	1
   398  0021                     ___awdiv@sign:
   399                           
   400                           ; 1 bytes @ 0x1
   401  0021                     	ds	1
   402  0022                     ___awdiv@quotient:
   403                           
   404                           ; 2 bytes @ 0x2
   405  0022                     	ds	2
   406  0024                     ??_main:
   407                           
   408                           ; 1 bytes @ 0x4
   409  0024                     	ds	4
   410  0028                     main@digit:
   411                           
   412                           ; 10 bytes @ 0x8
   413  0028                     	ds	10
   414  0032                     main@delay:
   415                           
   416                           ; 4 bytes @ 0x12
   417  0032                     	ds	4
   418  0036                     main@ssd:
   419                           
   420                           ; 4 bytes @ 0x16
   421  0036                     	ds	4
   422  003A                     main@once:
   423                           
   424                           ; 1 bytes @ 0x1A
   425  003A                     	ds	1
   426                           
   427                           	psect	maintext
   428  06E7                     __pmaintext:	
   429 ;;
   430 ;;Main: autosize = 0, tempsize = 4, incstack = 0, save=0
   431 ;;
   432 ;; *************** function _main *****************
   433 ;; Defined at:
   434 ;;		line 18 in file "main.c"
   435 ;; Parameters:    Size  Location     Type
   436 ;;		None
   437 ;; Auto vars:     Size  Location     Type
   438 ;;  digit          10    8[BANK0 ] unsigned char [10]
   439 ;;  ssd             4   22[BANK0 ] unsigned char [4]
   440 ;;  delay           4   18[BANK0 ] unsigned long 
   441 ;;  once            1   26[BANK0 ] unsigned char 
   442 ;;  key1            1    0        unsigned char 
   443 ;;  key             1    0        unsigned char 
   444 ;; Return value:  Size  Location     Type
   445 ;;                  1    wreg      void 
   446 ;; Registers used:
   447 ;;		wreg, fsr0l, fsr0h, status,2, status,0, btemp+1, pclath, cstack
   448 ;; Tracked objects:
   449 ;;		On entry : B00/0
   450 ;;		On exit  : 0/0
   451 ;;		Unchanged: 0/0
   452 ;; Data sizes:     COMMON   BANK0   BANK1   BANK3   BANK2
   453 ;;      Params:         0       0       0       0       0
   454 ;;      Locals:         0      19       0       0       0
   455 ;;      Temps:          0       4       0       0       0
   456 ;;      Totals:         0      23       0       0       0
   457 ;;Total ram usage:       23 bytes
   458 ;; Hardware stack levels required when called: 2
   459 ;; This function calls:
   460 ;;		___awdiv
   461 ;;		___awmod
   462 ;;		_display_ssd
   463 ;;		_init_config
   464 ;; This function is called by:
   465 ;;		Startup code after reset
   466 ;; This function uses a non-reentrant model
   467 ;;
   468                           
   469  06E7                     _main:	
   470                           ;psect for function _main
   471                           
   472  06E7                     l889:	
   473                           ;incstack = 0
   474                           ; Regs used in _main: [wreg-fsr0h+status,2+status,0+btemp+1+pclath+cstack]
   475                           
   476                           
   477                           ;main.c: 19:                 count++;
   478  06E7  3000               	movlw	0
   479  06E8  1283               	bcf	3,5	;RP0=0, select bank0
   480  06E9  1303               	bcf	3,6	;RP1=0, select bank0
   481  06EA  00B5               	movwf	main@delay+3
   482  06EB  3000               	movlw	0
   483  06EC  00B4               	movwf	main@delay+2
   484  06ED  3000               	movlw	0
   485  06EE  00B3               	movwf	main@delay+1
   486  06EF  3000               	movlw	0
   487  06F0  00B2               	movwf	main@delay
   488  06F1                     l891:
   489                           
   490                           ;main.c: 20:                 if(count > 999);main.c: 21:                     count = 0;
   491  06F1  01BA               	clrf	main@once
   492  06F2  0ABA               	incf	main@once,f
   493  06F3                     l893:
   494                           
   495                           ;main.c: 22:                 ssd[0] = digit[(count/1000)];
   496  06F3  3028               	movlw	main@digit& (0+255)
   497  06F4  0084               	movwf	4
   498  06F5  303B               	movlw	low main@F864
   499  06F6  00A4               	movwf	??_main
   500  06F7  0804               	movf	4,w
   501  06F8  00A5               	movwf	??_main+1
   502  06F9  300A               	movlw	10
   503  06FA  00A6               	movwf	??_main+2
   504  06FB                     u540:
   505  06FB  0824               	movf	??_main,w
   506  06FC  0084               	movwf	4
   507  06FD  1383               	bcf	3,7	;select IRP bank0
   508  06FE  0800               	movf	0,w
   509  06FF  00A7               	movwf	??_main+3
   510  0700  0AA4               	incf	??_main,f
   511  0701  0825               	movf	??_main+1,w
   512  0702  0084               	movwf	4
   513  0703  0827               	movf	??_main+3,w
   514  0704  0080               	movwf	0
   515  0705  0AA5               	incf	??_main+1,f
   516  0706  0BA6               	decfsz	??_main+2,f
   517  0707  2EFB               	goto	u540
   518  0708                     l895:
   519                           
   520                           ;main.c: 23:                 ssd[1] = digit[(count%1000)/100];
   521  0708  120A  118A  259B  120A  118A  	fcall	_init_config
   522  070D                     l897:
   523                           
   524                           ;main.c: 27: 
   525  070D  1283               	bcf	3,5	;RP0=0, select bank0
   526  070E  1303               	bcf	3,6	;RP1=0, select bank0
   527  070F  1806               	btfsc	6,0	;volatile
   528  0710  2F12               	goto	u551
   529  0711  2F13               	goto	u550
   530  0712                     u551:
   531  0712  2FE2               	goto	l19
   532  0713                     u550:
   533  0713                     l899:
   534  0713  083A               	movf	main@once,w
   535  0714  1903               	btfsc	3,2
   536  0715  2F17               	goto	u561
   537  0716  2F18               	goto	u560
   538  0717                     u561:
   539  0717  2FE2               	goto	l19
   540  0718                     u560:
   541  0718                     l901:
   542                           
   543                           ;main.c: 28:             };main.c: 29: 
   544  0718  3001               	movlw	1
   545  0719  00A4               	movwf	??_main
   546  071A  3000               	movlw	0
   547  071B  00A5               	movwf	??_main+1
   548  071C  3000               	movlw	0
   549  071D  00A6               	movwf	??_main+2
   550  071E  3000               	movlw	0
   551  071F  00A7               	movwf	??_main+3
   552  0720  0824               	movf	??_main,w
   553  0721  02B2               	subwf	main@delay,f
   554  0722  0825               	movf	??_main+1,w
   555  0723  1C03               	skipc
   556  0724  0F25               	incfsz	??_main+1,w
   557  0725  2F27               	goto	u575
   558  0726  2F28               	goto	u576
   559  0727                     u575:
   560  0727  02B3               	subwf	main@delay+1,f
   561  0728                     u576:
   562  0728  0826               	movf	??_main+2,w
   563  0729  1C03               	skipc
   564  072A  0F26               	incfsz	??_main+2,w
   565  072B  2F2D               	goto	u577
   566  072C  2F2E               	goto	u578
   567  072D                     u577:
   568  072D  02B4               	subwf	main@delay+2,f
   569  072E                     u578:
   570  072E  0827               	movf	??_main+3,w
   571  072F  1C03               	skipc
   572  0730  0F27               	incfsz	??_main+3,w
   573  0731  2F33               	goto	u579
   574  0732  2F34               	goto	u570
   575  0733                     u579:
   576  0733  02B5               	subwf	main@delay+3,f
   577  0734                     u570:
   578  0734  0A32               	incf	main@delay,w
   579  0735  1D03               	skipz
   580  0736  2F41               	goto	u581
   581  0737  0A33               	incf	main@delay+1,w
   582  0738  1D03               	skipz
   583  0739  2F41               	goto	u581
   584  073A  0A34               	incf	main@delay+2,w
   585  073B  1D03               	skipz
   586  073C  2F41               	goto	u581
   587  073D  0A35               	incf	main@delay+3,w
   588  073E  1D03               	btfss	3,2
   589  073F  2F41               	goto	u581
   590  0740  2F42               	goto	u580
   591  0741                     u581:
   592  0741  2F0D               	goto	l897
   593  0742                     u580:
   594  0742                     l903:
   595                           
   596                           ;main.c: 30: ;main.c: 31:         }
   597  0742  3000               	movlw	0
   598  0743  1283               	bcf	3,5	;RP0=0, select bank0
   599  0744  1303               	bcf	3,6	;RP1=0, select bank0
   600  0745  00B5               	movwf	main@delay+3
   601  0746  3000               	movlw	0
   602  0747  00B4               	movwf	main@delay+2
   603  0748  3027               	movlw	39
   604  0749  00B3               	movwf	main@delay+1
   605  074A  3010               	movlw	16
   606  074B  00B2               	movwf	main@delay
   607                           
   608                           ;main.c: 32: 
   609  074C  3001               	movlw	1
   610  074D  07C5               	addwf	main@count,f
   611  074E  1803               	skipnc
   612  074F  0AC6               	incf	main@count+1,f
   613  0750  3000               	movlw	0
   614  0751  07C6               	addwf	main@count+1,f
   615  0752                     l905:
   616                           
   617                           ;main.c: 33:         else if( RB0 == 0 )
   618  0752  0846               	movf	main@count+1,w
   619  0753  3A80               	xorlw	128
   620  0754  00FF               	movwf	btemp+1
   621  0755  3083               	movlw	131
   622  0756  027F               	subwf	btemp+1,w
   623  0757  1D03               	skipz
   624  0758  2F5B               	goto	u595
   625  0759  30E8               	movlw	232
   626  075A  0245               	subwf	main@count,w
   627  075B                     u595:
   628  075B  1C03               	skipc
   629  075C  2F5E               	goto	u591
   630  075D  2F5F               	goto	u590
   631  075E                     u591:
   632  075E  2F63               	goto	l909
   633  075F                     u590:
   634  075F                     l907:
   635                           
   636                           ;main.c: 34:             count = 0;
   637  075F  1283               	bcf	3,5	;RP0=0, select bank0
   638  0760  1303               	bcf	3,6	;RP1=0, select bank0
   639  0761  01C5               	clrf	main@count
   640  0762  01C6               	clrf	main@count+1
   641  0763                     l909:
   642                           
   643                           ;main.c: 35: 
   644  0763  30E8               	movlw	232
   645  0764  00F7               	movwf	___awdiv@divisor
   646  0765  3003               	movlw	3
   647  0766  00F8               	movwf	___awdiv@divisor+1
   648  0767  1283               	bcf	3,5	;RP0=0, select bank0
   649  0768  1303               	bcf	3,6	;RP1=0, select bank0
   650  0769  0846               	movf	main@count+1,w
   651  076A  00FA               	movwf	___awdiv@dividend+1
   652  076B  0845               	movf	main@count,w
   653  076C  00F9               	movwf	___awdiv@dividend
   654  076D  120A  118A  267E  120A  118A  	fcall	___awdiv
   655  0772  0877               	movf	?___awdiv,w
   656  0773  3E28               	addlw	(low (main@digit| 0))& (0+255)
   657  0774  0084               	movwf	4
   658  0775  1383               	bcf	3,7	;select IRP bank0
   659  0776  0800               	movf	0,w
   660  0777  1283               	bcf	3,5	;RP0=0, select bank0
   661  0778  1303               	bcf	3,6	;RP1=0, select bank0
   662  0779  00A4               	movwf	??_main
   663  077A  0824               	movf	??_main,w
   664  077B  00B6               	movwf	main@ssd
   665  077C                     l911:
   666                           
   667                           ;main.c: 36:     }
   668  077C  3064               	movlw	100
   669  077D  00F7               	movwf	___awdiv@divisor
   670  077E  3000               	movlw	0
   671  077F  00F8               	movwf	___awdiv@divisor+1
   672  0780  0846               	movf	main@count+1,w
   673  0781  00F3               	movwf	___awmod@dividend+1
   674  0782  0845               	movf	main@count,w
   675  0783  00F2               	movwf	___awmod@dividend
   676  0784  30E8               	movlw	232
   677  0785  00F0               	movwf	___awmod@divisor
   678  0786  3003               	movlw	3
   679  0787  00F1               	movwf	___awmod@divisor+1
   680  0788  120A  118A  25C5  120A  118A  	fcall	___awmod
   681  078D  0871               	movf	?___awmod+1,w
   682  078E  00FA               	movwf	___awdiv@dividend+1
   683  078F  0870               	movf	?___awmod,w
   684  0790  00F9               	movwf	___awdiv@dividend
   685  0791  120A  118A  267E  120A  118A  	fcall	___awdiv
   686  0796  0877               	movf	?___awdiv,w
   687  0797  3E28               	addlw	(low (main@digit| 0))& (0+255)
   688  0798  0084               	movwf	4
   689  0799  1383               	bcf	3,7	;select IRP bank0
   690  079A  0800               	movf	0,w
   691  079B  1283               	bcf	3,5	;RP0=0, select bank0
   692  079C  1303               	bcf	3,6	;RP1=0, select bank0
   693  079D  00A4               	movwf	??_main
   694  079E  0824               	movf	??_main,w
   695  079F  00B7               	movwf	main@ssd+1
   696  07A0                     l913:
   697                           
   698                           ;main.c: 37:     return;
   699  07A0  300A               	movlw	10
   700  07A1  00F7               	movwf	___awdiv@divisor
   701  07A2  3000               	movlw	0
   702  07A3  00F8               	movwf	___awdiv@divisor+1
   703  07A4  0846               	movf	main@count+1,w
   704  07A5  00F3               	movwf	___awmod@dividend+1
   705  07A6  0845               	movf	main@count,w
   706  07A7  00F2               	movwf	___awmod@dividend
   707  07A8  3064               	movlw	100
   708  07A9  00F0               	movwf	___awmod@divisor
   709  07AA  3000               	movlw	0
   710  07AB  00F1               	movwf	___awmod@divisor+1
   711  07AC  120A  118A  25C5  120A  118A  	fcall	___awmod
   712  07B1  0871               	movf	?___awmod+1,w
   713  07B2  00FA               	movwf	___awdiv@dividend+1
   714  07B3  0870               	movf	?___awmod,w
   715  07B4  00F9               	movwf	___awdiv@dividend
   716  07B5  120A  118A  267E  120A  118A  	fcall	___awdiv
   717  07BA  0877               	movf	?___awdiv,w
   718  07BB  3E28               	addlw	(low (main@digit| 0))& (0+255)
   719  07BC  0084               	movwf	4
   720  07BD  1383               	bcf	3,7	;select IRP bank0
   721  07BE  0800               	movf	0,w
   722  07BF  1283               	bcf	3,5	;RP0=0, select bank0
   723  07C0  1303               	bcf	3,6	;RP1=0, select bank0
   724  07C1  00A4               	movwf	??_main
   725  07C2  0824               	movf	??_main,w
   726  07C3  00B8               	movwf	main@ssd+2
   727  07C4                     l915:
   728                           
   729                           ;main.c: 38: }
   730  07C4  300A               	movlw	10
   731  07C5  00F0               	movwf	___awmod@divisor
   732  07C6  3000               	movlw	0
   733  07C7  00F1               	movwf	___awmod@divisor+1
   734  07C8  0846               	movf	main@count+1,w
   735  07C9  00F3               	movwf	___awmod@dividend+1
   736  07CA  0845               	movf	main@count,w
   737  07CB  00F2               	movwf	___awmod@dividend
   738  07CC  120A  118A  25C5  120A  118A  	fcall	___awmod
   739  07D1  0870               	movf	?___awmod,w
   740  07D2  3E28               	addlw	(low (main@digit| 0))& (0+255)
   741  07D3  0084               	movwf	4
   742  07D4  1383               	bcf	3,7	;select IRP bank0
   743  07D5  0800               	movf	0,w
   744  07D6  1283               	bcf	3,5	;RP0=0, select bank0
   745  07D7  1303               	bcf	3,6	;RP1=0, select bank0
   746  07D8  00A4               	movwf	??_main
   747  07D9  0824               	movf	??_main,w
   748  07DA  00B9               	movwf	main@ssd+3
   749  07DB                     l917:
   750  07DB  3036               	movlw	(low (main@ssd| 0))& (0+255)
   751  07DC  120A  118A  261E  120A  118A  	fcall	_display_ssd
   752  07E1  2F0D               	goto	l897
   753  07E2                     l19:
   754  07E2  1806               	btfsc	6,0	;volatile
   755  07E3  2FE5               	goto	u601
   756  07E4  2FE6               	goto	u600
   757  07E5                     u601:
   758  07E5  2F0D               	goto	l897
   759  07E6                     u600:
   760  07E6                     l919:
   761  07E6  01C5               	clrf	main@count
   762  07E7  01C6               	clrf	main@count+1
   763  07E8  2F0D               	goto	l897
   764  07E9  120A  118A  2800   	ljmp	start
   765  07EC                     __end_of_main:
   766                           
   767                           	psect	text1
   768  059B                     __ptext1:	
   769 ;; *************** function _init_config *****************
   770 ;; Defined at:
   771 ;;		line 13 in file "main.c"
   772 ;; Parameters:    Size  Location     Type
   773 ;;		None
   774 ;; Auto vars:     Size  Location     Type
   775 ;;		None
   776 ;; Return value:  Size  Location     Type
   777 ;;                  1    wreg      void 
   778 ;; Registers used:
   779 ;;		wreg, status,2, status,0, pclath, cstack
   780 ;; Tracked objects:
   781 ;;		On entry : 0/0
   782 ;;		On exit  : 0/0
   783 ;;		Unchanged: 0/0
   784 ;; Data sizes:     COMMON   BANK0   BANK1   BANK3   BANK2
   785 ;;      Params:         0       0       0       0       0
   786 ;;      Locals:         0       0       0       0       0
   787 ;;      Temps:          0       0       0       0       0
   788 ;;      Totals:         0       0       0       0       0
   789 ;;Total ram usage:        0 bytes
   790 ;; Hardware stack levels used: 1
   791 ;; Hardware stack levels required when called: 1
   792 ;; This function calls:
   793 ;;		_init_ssd
   794 ;; This function is called by:
   795 ;;		_main
   796 ;; This function uses a non-reentrant model
   797 ;;
   798                           
   799  059B                     _init_config:	
   800                           ;psect for function _init_config
   801                           
   802  059B                     l783:	
   803                           ;incstack = 0
   804                           ; Regs used in _init_config: [wreg+status,2+status,0+pclath+cstack]
   805                           
   806                           
   807                           ;main.c: 15:         {
   808  059B  120A  118A  25A1  120A  118A  	fcall	_init_ssd
   809  05A0                     l9:
   810  05A0  0008               	return
   811  05A1                     __end_of_init_config:
   812                           
   813                           	psect	text2
   814  05A1                     __ptext2:	
   815 ;; *************** function _init_ssd *****************
   816 ;; Defined at:
   817 ;;		line 3 in file "ssd.c"
   818 ;; Parameters:    Size  Location     Type
   819 ;;		None
   820 ;; Auto vars:     Size  Location     Type
   821 ;;		None
   822 ;; Return value:  Size  Location     Type
   823 ;;                  1    wreg      void 
   824 ;; Registers used:
   825 ;;		wreg, status,2
   826 ;; Tracked objects:
   827 ;;		On entry : 0/0
   828 ;;		On exit  : 0/0
   829 ;;		Unchanged: 0/0
   830 ;; Data sizes:     COMMON   BANK0   BANK1   BANK3   BANK2
   831 ;;      Params:         0       0       0       0       0
   832 ;;      Locals:         0       0       0       0       0
   833 ;;      Temps:          0       0       0       0       0
   834 ;;      Totals:         0       0       0       0       0
   835 ;;Total ram usage:        0 bytes
   836 ;; Hardware stack levels used: 1
   837 ;; This function calls:
   838 ;;		Nothing
   839 ;; This function is called by:
   840 ;;		_init_config
   841 ;; This function uses a non-reentrant model
   842 ;;
   843                           
   844  05A1                     _init_ssd:	
   845                           ;psect for function _init_ssd
   846                           
   847  05A1                     l779:	
   848                           ;incstack = 0
   849                           ; Regs used in _init_ssd: [wreg+status,2]
   850                           
   851                           
   852                           ;ssd.c: 6:     TRISD = 0x00;
   853  05A1  1683               	bsf	3,5	;RP0=1, select bank1
   854  05A2  1303               	bcf	3,6	;RP1=0, select bank1
   855  05A3  0188               	clrf	8	;volatile
   856  05A4                     l781:
   857                           
   858                           ;ssd.c: 9:     TRISA = TRISA & 0X03;
   859  05A4  0805               	movf	5,w	;volatile
   860  05A5  3903               	andlw	3
   861  05A6  0085               	movwf	5	;volatile
   862  05A7                     l37:
   863  05A7  0008               	return
   864  05A8                     __end_of_init_ssd:
   865                           
   866                           	psect	text3
   867  061E                     __ptext3:	
   868 ;; *************** function _display_ssd *****************
   869 ;; Defined at:
   870 ;;		line 15 in file "ssd.c"
   871 ;; Parameters:    Size  Location     Type
   872 ;;  data            1    wreg     PTR unsigned char 
   873 ;;		 -> main@ssd(4), 
   874 ;; Auto vars:     Size  Location     Type
   875 ;;  data            1    8[COMMON] PTR unsigned char 
   876 ;;		 -> main@ssd(4), 
   877 ;;  wait            4    4[COMMON] unsigned long 
   878 ;;  delay           4    0        unsigned long 
   879 ;;  digit           2    9[COMMON] int 
   880 ;; Return value:  Size  Location     Type
   881 ;;                  1    wreg      void 
   882 ;; Registers used:
   883 ;;		wreg, fsr0l, fsr0h, status,2, status,0, btemp+1
   884 ;; Tracked objects:
   885 ;;		On entry : 0/0
   886 ;;		On exit  : 0/0
   887 ;;		Unchanged: 0/0
   888 ;; Data sizes:     COMMON   BANK0   BANK1   BANK3   BANK2
   889 ;;      Params:         0       0       0       0       0
   890 ;;      Locals:         7       0       0       0       0
   891 ;;      Temps:          4       0       0       0       0
   892 ;;      Totals:        11       0       0       0       0
   893 ;;Total ram usage:       11 bytes
   894 ;; Hardware stack levels used: 1
   895 ;; This function calls:
   896 ;;		Nothing
   897 ;; This function is called by:
   898 ;;		_main
   899 ;; This function uses a non-reentrant model
   900 ;;
   901                           
   902  061E                     _display_ssd:	
   903                           ;psect for function _display_ssd
   904                           
   905                           
   906                           ;incstack = 0
   907                           ; Regs used in _display_ssd: [wreg-fsr0h+status,2+status,0+btemp+1]
   908                           ;display_ssd@data stored from wreg
   909  061E  00F8               	movwf	display_ssd@data
   910  061F                     l785:
   911  061F                     l787:
   912                           
   913                           ;ssd.c: 18:     int digit;;ssd.c: 20:     for (digit = 0;digit < 4;digit++)
   914  061F  01F9               	clrf	display_ssd@digit
   915  0620  01FA               	clrf	display_ssd@digit+1
   916  0621                     l793:
   917                           
   918                           ;ssd.c: 21:     {;ssd.c: 24:             PORTD = data[digit];
   919  0621  0879               	movf	display_ssd@digit,w
   920  0622  0778               	addwf	display_ssd@data,w
   921  0623  00F0               	movwf	??_display_ssd
   922  0624  0870               	movf	??_display_ssd,w
   923  0625  0084               	movwf	4
   924  0626  1383               	bcf	3,7	;select IRP bank0
   925  0627  0800               	movf	0,w
   926  0628  1283               	bcf	3,5	;RP0=0, select bank0
   927  0629  1303               	bcf	3,6	;RP1=0, select bank0
   928  062A  0088               	movwf	8	;volatile
   929  062B                     l795:
   930                           
   931                           ;ssd.c: 25:             PORTA = (PORTA & 0x03) | (0x04 << digit);
   932  062B  3004               	movlw	4
   933  062C  00F0               	movwf	??_display_ssd
   934  062D  0A79               	incf	display_ssd@digit,w
   935  062E  2E31               	goto	u314
   936  062F                     u315:
   937  062F  1003               	clrc
   938  0630  0DF0               	rlf	??_display_ssd,f
   939  0631                     u314:
   940  0631  3EFF               	addlw	-1
   941  0632  1D03               	skipz
   942  0633  2E2F               	goto	u315
   943  0634  0805               	movf	5,w	;volatile
   944  0635  3903               	andlw	3
   945  0636  0470               	iorwf	??_display_ssd,w
   946  0637  0085               	movwf	5	;volatile
   947  0638                     l797:
   948  0638                     l799:
   949                           
   950                           ;ssd.c: 28:         for (unsigned long int wait = 20000; wait--; );
   951  0638  3000               	movlw	0
   952  0639  00F7               	movwf	display_ssd@wait+3
   953  063A  3000               	movlw	0
   954  063B  00F6               	movwf	display_ssd@wait+2
   955  063C  304E               	movlw	78
   956  063D  00F5               	movwf	display_ssd@wait+1
   957  063E  3020               	movlw	32
   958  063F  00F4               	movwf	display_ssd@wait
   959  0640                     l801:
   960  0640  3001               	movlw	1
   961  0641  00F0               	movwf	??_display_ssd
   962  0642  3000               	movlw	0
   963  0643  00F1               	movwf	??_display_ssd+1
   964  0644  3000               	movlw	0
   965  0645  00F2               	movwf	??_display_ssd+2
   966  0646  3000               	movlw	0
   967  0647  00F3               	movwf	??_display_ssd+3
   968  0648  0870               	movf	??_display_ssd,w
   969  0649  02F4               	subwf	display_ssd@wait,f
   970  064A  0871               	movf	??_display_ssd+1,w
   971  064B  1C03               	skipc
   972  064C  0F71               	incfsz	??_display_ssd+1,w
   973  064D  2E4F               	goto	u325
   974  064E  2E50               	goto	u326
   975  064F                     u325:
   976  064F  02F5               	subwf	display_ssd@wait+1,f
   977  0650                     u326:
   978  0650  0872               	movf	??_display_ssd+2,w
   979  0651  1C03               	skipc
   980  0652  0F72               	incfsz	??_display_ssd+2,w
   981  0653  2E55               	goto	u327
   982  0654  2E56               	goto	u328
   983  0655                     u327:
   984  0655  02F6               	subwf	display_ssd@wait+2,f
   985  0656                     u328:
   986  0656  0873               	movf	??_display_ssd+3,w
   987  0657  1C03               	skipc
   988  0658  0F73               	incfsz	??_display_ssd+3,w
   989  0659  2E5B               	goto	u329
   990  065A  2E5C               	goto	u320
   991  065B                     u329:
   992  065B  02F7               	subwf	display_ssd@wait+3,f
   993  065C                     u320:
   994  065C  0A74               	incf	display_ssd@wait,w
   995  065D  1D03               	skipz
   996  065E  2E69               	goto	u331
   997  065F  0A75               	incf	display_ssd@wait+1,w
   998  0660  1D03               	skipz
   999  0661  2E69               	goto	u331
  1000  0662  0A76               	incf	display_ssd@wait+2,w
  1001  0663  1D03               	skipz
  1002  0664  2E69               	goto	u331
  1003  0665  0A77               	incf	display_ssd@wait+3,w
  1004  0666  1D03               	btfss	3,2
  1005  0667  2E69               	goto	u331
  1006  0668  2E6A               	goto	u330
  1007  0669                     u331:
  1008  0669  2E40               	goto	l801
  1009  066A                     u330:
  1010  066A                     l803:
  1011                           
  1012                           ;ssd.c: 30:     }
  1013  066A  3001               	movlw	1
  1014  066B  07F9               	addwf	display_ssd@digit,f
  1015  066C  1803               	skipnc
  1016  066D  0AFA               	incf	display_ssd@digit+1,f
  1017  066E  3000               	movlw	0
  1018  066F  07FA               	addwf	display_ssd@digit+1,f
  1019  0670                     l805:
  1020  0670  087A               	movf	display_ssd@digit+1,w
  1021  0671  3A80               	xorlw	128
  1022  0672  00FF               	movwf	btemp+1
  1023  0673  3080               	movlw	128
  1024  0674  027F               	subwf	btemp+1,w
  1025  0675  1D03               	skipz
  1026  0676  2E79               	goto	u345
  1027  0677  3004               	movlw	4
  1028  0678  0279               	subwf	display_ssd@digit,w
  1029  0679                     u345:
  1030  0679  1C03               	skipc
  1031  067A  2E7C               	goto	u341
  1032  067B  2E7D               	goto	u340
  1033  067C                     u341:
  1034  067C  2E21               	goto	l793
  1035  067D                     u340:
  1036  067D                     l45:
  1037  067D  0008               	return
  1038  067E                     __end_of_display_ssd:
  1039                           
  1040                           	psect	text4
  1041  05C5                     __ptext4:	
  1042 ;; *************** function ___awmod *****************
  1043 ;; Defined at:
  1044 ;;		line 5 in file "C:\Program Files\Microchip\xc8\v2.36\pic\sources\c90\common\awmod.c"
  1045 ;; Parameters:    Size  Location     Type
  1046 ;;  divisor         2    0[COMMON] int 
  1047 ;;  dividend        2    2[COMMON] int 
  1048 ;; Auto vars:     Size  Location     Type
  1049 ;;  sign            1    6[COMMON] unsigned char 
  1050 ;;  counter         1    5[COMMON] unsigned char 
  1051 ;; Return value:  Size  Location     Type
  1052 ;;                  2    0[COMMON] int 
  1053 ;; Registers used:
  1054 ;;		wreg, status,2, status,0
  1055 ;; Tracked objects:
  1056 ;;		On entry : 0/0
  1057 ;;		On exit  : 0/0
  1058 ;;		Unchanged: 0/0
  1059 ;; Data sizes:     COMMON   BANK0   BANK1   BANK3   BANK2
  1060 ;;      Params:         4       0       0       0       0
  1061 ;;      Locals:         2       0       0       0       0
  1062 ;;      Temps:          1       0       0       0       0
  1063 ;;      Totals:         7       0       0       0       0
  1064 ;;Total ram usage:        7 bytes
  1065 ;; Hardware stack levels used: 1
  1066 ;; This function calls:
  1067 ;;		Nothing
  1068 ;; This function is called by:
  1069 ;;		_main
  1070 ;; This function uses a non-reentrant model
  1071 ;;
  1072                           
  1073  05C5                     ___awmod:	
  1074                           ;psect for function ___awmod
  1075                           
  1076  05C5                     l851:	
  1077                           ;incstack = 0
  1078                           ; Regs used in ___awmod: [wreg+status,2+status,0]
  1079                           
  1080  05C5  01F6               	clrf	___awmod@sign
  1081  05C6                     l853:
  1082  05C6  1FF3               	btfss	___awmod@dividend+1,7
  1083  05C7  2DC9               	goto	u451
  1084  05C8  2DCA               	goto	u450
  1085  05C9                     u451:
  1086  05C9  2DD1               	goto	l859
  1087  05CA                     u450:
  1088  05CA                     l855:
  1089  05CA  09F2               	comf	___awmod@dividend,f
  1090  05CB  09F3               	comf	___awmod@dividend+1,f
  1091  05CC  0AF2               	incf	___awmod@dividend,f
  1092  05CD  1903               	skipnz
  1093  05CE  0AF3               	incf	___awmod@dividend+1,f
  1094  05CF                     l857:
  1095  05CF  01F6               	clrf	___awmod@sign
  1096  05D0  0AF6               	incf	___awmod@sign,f
  1097  05D1                     l859:
  1098  05D1  1FF1               	btfss	___awmod@divisor+1,7
  1099  05D2  2DD4               	goto	u461
  1100  05D3  2DD5               	goto	u460
  1101  05D4                     u461:
  1102  05D4  2DDA               	goto	l863
  1103  05D5                     u460:
  1104  05D5                     l861:
  1105  05D5  09F0               	comf	___awmod@divisor,f
  1106  05D6  09F1               	comf	___awmod@divisor+1,f
  1107  05D7  0AF0               	incf	___awmod@divisor,f
  1108  05D8  1903               	skipnz
  1109  05D9  0AF1               	incf	___awmod@divisor+1,f
  1110  05DA                     l863:
  1111  05DA  0870               	movf	___awmod@divisor,w
  1112  05DB  0471               	iorwf	___awmod@divisor+1,w
  1113  05DC  1903               	btfsc	3,2
  1114  05DD  2DDF               	goto	u471
  1115  05DE  2DE0               	goto	u470
  1116  05DF                     u471:
  1117  05DF  2E0F               	goto	l881
  1118  05E0                     u470:
  1119  05E0                     l865:
  1120  05E0  01F5               	clrf	___awmod@counter
  1121  05E1  0AF5               	incf	___awmod@counter,f
  1122  05E2  2DEE               	goto	l871
  1123  05E3                     l867:
  1124  05E3  3001               	movlw	1
  1125  05E4                     u485:
  1126  05E4  1003               	clrc
  1127  05E5  0DF0               	rlf	___awmod@divisor,f
  1128  05E6  0DF1               	rlf	___awmod@divisor+1,f
  1129  05E7  3EFF               	addlw	-1
  1130  05E8  1D03               	skipz
  1131  05E9  2DE4               	goto	u485
  1132  05EA                     l869:
  1133  05EA  3001               	movlw	1
  1134  05EB  00F4               	movwf	??___awmod
  1135  05EC  0874               	movf	??___awmod,w
  1136  05ED  07F5               	addwf	___awmod@counter,f
  1137  05EE                     l871:
  1138  05EE  1FF1               	btfss	___awmod@divisor+1,7
  1139  05EF  2DF1               	goto	u491
  1140  05F0  2DF2               	goto	u490
  1141  05F1                     u491:
  1142  05F1  2DE3               	goto	l867
  1143  05F2                     u490:
  1144  05F2                     l873:
  1145  05F2  0871               	movf	___awmod@divisor+1,w
  1146  05F3  0273               	subwf	___awmod@dividend+1,w
  1147  05F4  1D03               	skipz
  1148  05F5  2DF8               	goto	u505
  1149  05F6  0870               	movf	___awmod@divisor,w
  1150  05F7  0272               	subwf	___awmod@dividend,w
  1151  05F8                     u505:
  1152  05F8  1C03               	skipc
  1153  05F9  2DFB               	goto	u501
  1154  05FA  2DFC               	goto	u500
  1155  05FB                     u501:
  1156  05FB  2E02               	goto	l877
  1157  05FC                     u500:
  1158  05FC                     l875:
  1159  05FC  0870               	movf	___awmod@divisor,w
  1160  05FD  02F2               	subwf	___awmod@dividend,f
  1161  05FE  0871               	movf	___awmod@divisor+1,w
  1162  05FF  1C03               	skipc
  1163  0600  03F3               	decf	___awmod@dividend+1,f
  1164  0601  02F3               	subwf	___awmod@dividend+1,f
  1165  0602                     l877:
  1166  0602  3001               	movlw	1
  1167  0603                     u515:
  1168  0603  1003               	clrc
  1169  0604  0CF1               	rrf	___awmod@divisor+1,f
  1170  0605  0CF0               	rrf	___awmod@divisor,f
  1171  0606  3EFF               	addlw	-1
  1172  0607  1D03               	skipz
  1173  0608  2E03               	goto	u515
  1174  0609                     l879:
  1175  0609  3001               	movlw	1
  1176  060A  02F5               	subwf	___awmod@counter,f
  1177  060B  1D03               	btfss	3,2
  1178  060C  2E0E               	goto	u521
  1179  060D  2E0F               	goto	u520
  1180  060E                     u521:
  1181  060E  2DF2               	goto	l873
  1182  060F                     u520:
  1183  060F                     l881:
  1184  060F  0876               	movf	___awmod@sign,w
  1185  0610  1903               	btfsc	3,2
  1186  0611  2E13               	goto	u531
  1187  0612  2E14               	goto	u530
  1188  0613                     u531:
  1189  0613  2E19               	goto	l885
  1190  0614                     u530:
  1191  0614                     l883:
  1192  0614  09F2               	comf	___awmod@dividend,f
  1193  0615  09F3               	comf	___awmod@dividend+1,f
  1194  0616  0AF2               	incf	___awmod@dividend,f
  1195  0617  1903               	skipnz
  1196  0618  0AF3               	incf	___awmod@dividend+1,f
  1197  0619                     l885:
  1198  0619  0873               	movf	___awmod@dividend+1,w
  1199  061A  00F1               	movwf	?___awmod+1
  1200  061B  0872               	movf	___awmod@dividend,w
  1201  061C  00F0               	movwf	?___awmod
  1202  061D                     l297:
  1203  061D  0008               	return
  1204  061E                     __end_of___awmod:
  1205                           
  1206                           	psect	text5
  1207  067E                     __ptext5:	
  1208 ;; *************** function ___awdiv *****************
  1209 ;; Defined at:
  1210 ;;		line 5 in file "C:\Program Files\Microchip\xc8\v2.36\pic\sources\c90\common\awdiv.c"
  1211 ;; Parameters:    Size  Location     Type
  1212 ;;  divisor         2    7[COMMON] int 
  1213 ;;  dividend        2    9[COMMON] int 
  1214 ;; Auto vars:     Size  Location     Type
  1215 ;;  quotient        2    2[BANK0 ] int 
  1216 ;;  sign            1    1[BANK0 ] unsigned char 
  1217 ;;  counter         1    0[BANK0 ] unsigned char 
  1218 ;; Return value:  Size  Location     Type
  1219 ;;                  2    7[COMMON] int 
  1220 ;; Registers used:
  1221 ;;		wreg, status,2, status,0
  1222 ;; Tracked objects:
  1223 ;;		On entry : 0/0
  1224 ;;		On exit  : 0/0
  1225 ;;		Unchanged: 0/0
  1226 ;; Data sizes:     COMMON   BANK0   BANK1   BANK3   BANK2
  1227 ;;      Params:         4       0       0       0       0
  1228 ;;      Locals:         0       4       0       0       0
  1229 ;;      Temps:          1       0       0       0       0
  1230 ;;      Totals:         5       4       0       0       0
  1231 ;;Total ram usage:        9 bytes
  1232 ;; Hardware stack levels used: 1
  1233 ;; This function calls:
  1234 ;;		Nothing
  1235 ;; This function is called by:
  1236 ;;		_main
  1237 ;; This function uses a non-reentrant model
  1238 ;;
  1239                           
  1240  067E                     ___awdiv:	
  1241                           ;psect for function ___awdiv
  1242                           
  1243  067E                     l807:	
  1244                           ;incstack = 0
  1245                           ; Regs used in ___awdiv: [wreg+status,2+status,0]
  1246                           
  1247  067E  1283               	bcf	3,5	;RP0=0, select bank0
  1248  067F  1303               	bcf	3,6	;RP1=0, select bank0
  1249  0680  01A1               	clrf	___awdiv@sign
  1250  0681                     l809:
  1251  0681  1FF8               	btfss	___awdiv@divisor+1,7
  1252  0682  2E84               	goto	u351
  1253  0683  2E85               	goto	u350
  1254  0684                     u351:
  1255  0684  2E8C               	goto	l815
  1256  0685                     u350:
  1257  0685                     l811:
  1258  0685  09F7               	comf	___awdiv@divisor,f
  1259  0686  09F8               	comf	___awdiv@divisor+1,f
  1260  0687  0AF7               	incf	___awdiv@divisor,f
  1261  0688  1903               	skipnz
  1262  0689  0AF8               	incf	___awdiv@divisor+1,f
  1263  068A                     l813:
  1264  068A  01A1               	clrf	___awdiv@sign
  1265  068B  0AA1               	incf	___awdiv@sign,f
  1266  068C                     l815:
  1267  068C  1FFA               	btfss	___awdiv@dividend+1,7
  1268  068D  2E8F               	goto	u361
  1269  068E  2E90               	goto	u360
  1270  068F                     u361:
  1271  068F  2E99               	goto	l821
  1272  0690                     u360:
  1273  0690                     l817:
  1274  0690  09F9               	comf	___awdiv@dividend,f
  1275  0691  09FA               	comf	___awdiv@dividend+1,f
  1276  0692  0AF9               	incf	___awdiv@dividend,f
  1277  0693  1903               	skipnz
  1278  0694  0AFA               	incf	___awdiv@dividend+1,f
  1279  0695                     l819:
  1280  0695  3001               	movlw	1
  1281  0696  00FB               	movwf	??___awdiv
  1282  0697  087B               	movf	??___awdiv,w
  1283  0698  06A1               	xorwf	___awdiv@sign,f
  1284  0699                     l821:
  1285  0699  01A2               	clrf	___awdiv@quotient
  1286  069A  01A3               	clrf	___awdiv@quotient+1
  1287  069B                     l823:
  1288  069B  0877               	movf	___awdiv@divisor,w
  1289  069C  0478               	iorwf	___awdiv@divisor+1,w
  1290  069D  1903               	btfsc	3,2
  1291  069E  2EA0               	goto	u371
  1292  069F  2EA1               	goto	u370
  1293  06A0                     u371:
  1294  06A0  2ED8               	goto	l843
  1295  06A1                     u370:
  1296  06A1                     l825:
  1297  06A1  01A0               	clrf	___awdiv@counter
  1298  06A2  0AA0               	incf	___awdiv@counter,f
  1299  06A3  2EAF               	goto	l831
  1300  06A4                     l827:
  1301  06A4  3001               	movlw	1
  1302  06A5                     u385:
  1303  06A5  1003               	clrc
  1304  06A6  0DF7               	rlf	___awdiv@divisor,f
  1305  06A7  0DF8               	rlf	___awdiv@divisor+1,f
  1306  06A8  3EFF               	addlw	-1
  1307  06A9  1D03               	skipz
  1308  06AA  2EA5               	goto	u385
  1309  06AB                     l829:
  1310  06AB  3001               	movlw	1
  1311  06AC  00FB               	movwf	??___awdiv
  1312  06AD  087B               	movf	??___awdiv,w
  1313  06AE  07A0               	addwf	___awdiv@counter,f
  1314  06AF                     l831:
  1315  06AF  1FF8               	btfss	___awdiv@divisor+1,7
  1316  06B0  2EB2               	goto	u391
  1317  06B1  2EB3               	goto	u390
  1318  06B2                     u391:
  1319  06B2  2EA4               	goto	l827
  1320  06B3                     u390:
  1321  06B3                     l833:
  1322  06B3  3001               	movlw	1
  1323  06B4                     u405:
  1324  06B4  1003               	clrc
  1325  06B5  0DA2               	rlf	___awdiv@quotient,f
  1326  06B6  0DA3               	rlf	___awdiv@quotient+1,f
  1327  06B7  3EFF               	addlw	-1
  1328  06B8  1D03               	skipz
  1329  06B9  2EB4               	goto	u405
  1330  06BA  0878               	movf	___awdiv@divisor+1,w
  1331  06BB  027A               	subwf	___awdiv@dividend+1,w
  1332  06BC  1D03               	skipz
  1333  06BD  2EC0               	goto	u415
  1334  06BE  0877               	movf	___awdiv@divisor,w
  1335  06BF  0279               	subwf	___awdiv@dividend,w
  1336  06C0                     u415:
  1337  06C0  1C03               	skipc
  1338  06C1  2EC3               	goto	u411
  1339  06C2  2EC4               	goto	u410
  1340  06C3                     u411:
  1341  06C3  2ECB               	goto	l839
  1342  06C4                     u410:
  1343  06C4                     l835:
  1344  06C4  0877               	movf	___awdiv@divisor,w
  1345  06C5  02F9               	subwf	___awdiv@dividend,f
  1346  06C6  0878               	movf	___awdiv@divisor+1,w
  1347  06C7  1C03               	skipc
  1348  06C8  03FA               	decf	___awdiv@dividend+1,f
  1349  06C9  02FA               	subwf	___awdiv@dividend+1,f
  1350  06CA                     l837:
  1351  06CA  1422               	bsf	___awdiv@quotient,0
  1352  06CB                     l839:
  1353  06CB  3001               	movlw	1
  1354  06CC                     u425:
  1355  06CC  1003               	clrc
  1356  06CD  0CF8               	rrf	___awdiv@divisor+1,f
  1357  06CE  0CF7               	rrf	___awdiv@divisor,f
  1358  06CF  3EFF               	addlw	-1
  1359  06D0  1D03               	skipz
  1360  06D1  2ECC               	goto	u425
  1361  06D2                     l841:
  1362  06D2  3001               	movlw	1
  1363  06D3  02A0               	subwf	___awdiv@counter,f
  1364  06D4  1D03               	btfss	3,2
  1365  06D5  2ED7               	goto	u431
  1366  06D6  2ED8               	goto	u430
  1367  06D7                     u431:
  1368  06D7  2EB3               	goto	l833
  1369  06D8                     u430:
  1370  06D8                     l843:
  1371  06D8  0821               	movf	___awdiv@sign,w
  1372  06D9  1903               	btfsc	3,2
  1373  06DA  2EDC               	goto	u441
  1374  06DB  2EDD               	goto	u440
  1375  06DC                     u441:
  1376  06DC  2EE2               	goto	l847
  1377  06DD                     u440:
  1378  06DD                     l845:
  1379  06DD  09A2               	comf	___awdiv@quotient,f
  1380  06DE  09A3               	comf	___awdiv@quotient+1,f
  1381  06DF  0AA2               	incf	___awdiv@quotient,f
  1382  06E0  1903               	skipnz
  1383  06E1  0AA3               	incf	___awdiv@quotient+1,f
  1384  06E2                     l847:
  1385  06E2  0823               	movf	___awdiv@quotient+1,w
  1386  06E3  00F8               	movwf	?___awdiv+1
  1387  06E4  0822               	movf	___awdiv@quotient,w
  1388  06E5  00F7               	movwf	?___awdiv
  1389  06E6                     l284:
  1390  06E6  0008               	return
  1391  06E7                     __end_of___awdiv:
  1392  007E                     btemp	set	126	;btemp
  1393  007E                     wtemp0	set	126
  1394                           
  1395                           	psect	config
  1396                           
  1397                           ;Config register CONFIG @ 0x2007
  1398                           ;	Oscillator Selection bits
  1399                           ;	FOSC = 0x3, unprogrammed default
  1400                           ;	Watchdog Timer Enable bit
  1401                           ;	WDTE = OFF, WDT disabled
  1402                           ;	Power-up Timer Enable bit
  1403                           ;	PWRTE = 0x1, unprogrammed default
  1404                           ;	Brown-out Reset Enable bit
  1405                           ;	BOREN = 0x1, unprogrammed default
  1406                           ;	Low-Voltage (Single-Supply) In-Circuit Serial Programming Enable bit
  1407                           ;	LVP = 0x1, unprogrammed default
  1408                           ;	Data EEPROM Memory Code Protection bit
  1409                           ;	CPD = 0x1, unprogrammed default
  1410                           ;	Flash Program Memory Write Enable bits
  1411                           ;	WRT = 0x3, unprogrammed default
  1412                           ;	In-Circuit Debugger Mode bit
  1413                           ;	DEBUG = 0x1, unprogrammed default
  1414                           ;	Flash Program Memory Code Protection bit
  1415                           ;	CP = 0x1, unprogrammed default
  1416  2007                     	org	8199
  1417  2007  3FFB               	dw	16379

Data Sizes:
    Strings     0
    Constant    0
    Data        10
    BSS         2
    Persistent  0
    Stack       0

Auto Spaces:
    Space          Size  Autos    Used
    COMMON           14     12      12
    BANK0            80     27      39
    BANK1            80      0       0
    BANK3            96      0       0
    BANK2            96      0       0

Pointer List with Targets:

    display_ssd@data	PTR unsigned char  size(1) Largest target is 4
		 -> main@ssd(BANK0[4]), 


Critical Paths under _main in COMMON

    _main->___awdiv
    ___awdiv->___awmod

Critical Paths under _main in BANK0

    _main->___awdiv

Critical Paths under _main in BANK1

    None.

Critical Paths under _main in BANK3

    None.

Critical Paths under _main in BANK2

    None.

Call Graph Tables:

 ---------------------------------------------------------------------------------
 (Depth) Function   	        Calls       Base Space   Used Autos Params    Refs
 ---------------------------------------------------------------------------------
 (0) _main                                                25    25      0    1914
                                              4 BANK0     23    23      0
                            ___awdiv
                            ___awmod
                        _display_ssd
                        _init_config
 ---------------------------------------------------------------------------------
 (1) _init_config                                          0     0      0       0
                           _init_ssd
 ---------------------------------------------------------------------------------
 (2) _init_ssd                                             0     0      0       0
 ---------------------------------------------------------------------------------
 (1) _display_ssd                                         15    15      0     170
                                              0 COMMON    11    11      0
 ---------------------------------------------------------------------------------
 (1) ___awmod                                              7     3      4     752
                                              0 COMMON     7     3      4
 ---------------------------------------------------------------------------------
 (1) ___awdiv                                              9     5      4     756
                                              7 COMMON     5     1      4
                                              0 BANK0      4     4      0
                            ___awmod (ARG)
 ---------------------------------------------------------------------------------
 Estimated maximum stack depth 2
 ---------------------------------------------------------------------------------

 Call Graph Graphs:

 _main (ROOT)
   ___awdiv
     ___awmod (ARG)
   ___awmod
   _display_ssd
   _init_config
     _init_ssd

 Address spaces:
Name               Size   Autos  Total    Cost      Usage
BANK3               60      0       0       9        0.0%
BITBANK3            60      0       0       8        0.0%
SFR3                 0      0       0       4        0.0%
BITSFR3              0      0       0       4        0.0%
BANK2               60      0       0      11        0.0%
BITBANK2            60      0       0      10        0.0%
SFR2                 0      0       0       5        0.0%
BITSFR2              0      0       0       5        0.0%
BANK1               50      0       0       7        0.0%
BITBANK1            50      0       0       6        0.0%
SFR1                 0      0       0       2        0.0%
BITSFR1              0      0       0       2        0.0%
BANK0               50     1B      27       5       48.8%
BITBANK0            50      0       0       4        0.0%
SFR0                 0      0       0       1        0.0%
BITSFR0              0      0       0       1        0.0%
COMMON               E      C       C       1       85.7%
BITCOMMON            E      0       0       0        0.0%
CODE                 0      0       0       0        0.0%
DATA                 0      0      33      12        0.0%
ABS                  0      0      33       3        0.0%
NULL                 0      0       0       0        0.0%
STACK                0      0       0       2        0.0%
EEDATA             100      0       0       0        0.0%


Microchip Technology PIC Macro Assembler V2.36 build 20220127204148 
Symbol Table                                                                                   Wed Aug 24 23:50:32 2022

                      l9 05A0                        pc 0002                       l19 07E2  
                     l45 067D                       l37 05A7             ?_display_ssd 0070  
           ___awdiv@sign 0021                       fsr 0004                      l284 06E6  
                    l297 061D                      l801 0640                      l811 0685  
                    l803 066A                      l821 0699                      l813 068A  
                    l805 0670                      l901 0718                      l831 06AF  
                    l823 069B                      l815 068C                      l807 067E  
                    l911 077C                      l903 0742                      l841 06D2  
                    l833 06B3                      l825 06A1                      l817 0690  
                    l809 0681                      l913 07A0                      l905 0752  
                    l835 06C4                      l827 06A4                      l843 06D8  
                    l819 0695                      l851 05C5                      l915 07C4  
                    l907 075F                      l845 06DD                      l837 06CA  
                    l829 06AB                      l861 05D5                      l853 05C6  
                    l781 05A4                      l917 07DB                      l909 0763  
                    l847 06E2                      l839 06CB                      l871 05EE  
                    l863 05DA                      l855 05CA                      l783 059B  
                    l919 07E6                      l873 05F2                      l865 05E0  
                    l881 060F                      l857 05CF                      l793 0621  
                    l785 061F                      l883 0614                      l875 05FC  
                    l867 05E3                      l859 05D1                      l795 062B  
                    l787 061F                      l779 05A1                      l891 06F1  
                    l885 0619                      l877 0602                      l869 05EA  
                    l797 0638                      l893 06F3                      l879 0609  
                    l799 0638                      l895 0708                      l897 070D  
                    l889 06E7                      l899 0713                      _RB0 0030  
                    u320 065C                      u410 06C4                      u330 066A  
                    u314 0631                      u411 06C3                      u331 0669  
                    u315 062F                      u500 05FC                      u340 067D  
                    u405 06B4                      u501 05FB                      u341 067C  
                    u325 064F                      u430 06D8                      u350 0685  
                    u326 0650                      u431 06D7                      u415 06C0  
                    u351 0684                      u327 0655                      u440 06DD  
                    u360 0690                      u520 060F                      u328 0656  
                    u600 07E6                      u441 06DC                      u425 06CC  
                    u361 068F                      u521 060E                      u505 05F8  
                    u345 0679                      u329 065B                      u601 07E5  
                    u370 06A1                      u530 0614                      u450 05CA  
                    u371 06A0                      u531 0613                      u515 0603  
                    u451 05C9                      u460 05D5                      u540 06FB  
                    u461 05D4                      u390 06B3                      u470 05E0  
                    u550 0713                      u391 06B2                      u471 05DF  
                    u551 0712                      u560 0718                      u385 06A5  
                    u561 0717                      u490 05F2                      u570 0734  
                    u491 05F1                      u580 0742                      u485 05E4  
                    u581 0741                      u590 075F                      u591 075E  
                    u575 0727                      u576 0728                      u577 072D  
                    u578 072E                      u595 075B                      u579 0733  
                    fsr0 0004                      indf 0000             ___awmod@sign 0076  
                   _main 06E7                     btemp 007E                     start 0000  
                  ?_main 0070          __end_of___awdiv 06E7          __end_of___awmod 061E  
        ___awdiv@divisor 0077             ?_init_config 0070          ___awdiv@counter 0020  
                  _PORTA 0005                    _PORTD 0008                    _TRISA 0085  
                  _TRISD 0088                    pclath 000A                    status 0003  
                  wtemp0 007E          __initialization 07EC             __end_of_main 07EC  
                 ??_main 0024         ___awdiv@dividend 0079                ??___awdiv 007B  
              ??___awmod 0074         __end_of_init_ssd 05A8         ___awdiv@quotient 0022  
        ___awmod@divisor 0070          ___awmod@counter 0075  __end_of__initialization 07FC  
         __pcstackCOMMON 0070             __pidataBANK0 05A8               __pbssBANK0 0045  
             __pmaintext 06E7                ?_init_ssd 0070                  ___awdiv 067E  
                ___awmod 05C5                  __ptext1 059B                  __ptext2 05A1  
                __ptext3 061E                  __ptext4 05C5                  __ptext5 067E  
       ___awmod@dividend 0072                  main@ssd 0036     end_of_initialization 07FC  
             ??_init_ssd 0070            ??_display_ssd 0070      start_initialization 07EC  
             init_fetch0 05B2              __pdataBANK0 003B            ??_init_config 0070  
    __end_of_display_ssd 067E                ___latbits 0002            __pcstackBANK0 0020  
               ?___awdiv 0077                 ?___awmod 0070      __end_of_init_config 05A1  
            _display_ssd 061E                main@delay 0032                main@digit 0028  
              main@count 0045              _init_config 059B                 _init_ssd 05A1  
               main@F864 003B                 main@once 003A         display_ssd@digit 0079  
               init_ram0 05B6          display_ssd@data 0078          display_ssd@wait 0074  
